This is pdfTeX, Version 3.1415926-2.3-1.40.12 (MiKTeX 2.9) (preloaded format=latex 2019.10.24)  13 MAR 2021 20:13
entering extended mode
**MainFile.tex
(D:\GitKraken\大论文\THESIS\Thesis\SUDAThesis_LaTeX\MainFile.tex
LaTeX2e <2011/06/27>
Babel <v3.8m> and hyphenation patterns for loaded.
(D:\GitKraken\大论文\THESIS\Thesis\SUDAThesis_LaTeX\SUDAthesis.cls
Document Class: SUDAthesis 2005/10/11 v0.1e CASthesis document class
("D:\Program Files(x86)\CTEX\MiKTeX\tex\latex\ctex\ctexbook.cls"
Document Class: ctexbook 2011/03/11 v1.02c ctexbook document class
("D:\Program Files(x86)\CTEX\MiKTeX\tex\latex\ctex\opt\ctex-common-opts.def")
("D:\Program Files(x86)\CTEX\MiKTeX\tex\latex\ctex\opt\ctex-caption-opts.def"
\c@CTEX@sectiondepth=\count79
)
("D:\Program Files(x86)\CTEX\MiKTeX\tex\latex\ctex\opt\ctex-class-opts.def")
("D:\Program Files(x86)\CTEX\CTeX\tex\latex\ctex\cfg\ctexopts.cfg")
("D:\Program Files(x86)\CTEX\MiKTeX\tex\latex\ctex\def\ctex-loadclass.def"
("D:\Program Files(x86)\CTEX\MiKTeX\tex\latex\base\book.cls"
Document Class: book 2007/10/19 v1.4h Standard LaTeX document class
("D:\Program Files(x86)\CTEX\MiKTeX\tex\latex\base\bk12.clo"
File: bk12.clo 2007/10/19 v1.4h Standard LaTeX file (size option)
)
\c@part=\count80
\c@chapter=\count81
\c@section=\count82
\c@subsection=\count83
\c@subsubsection=\count84
\c@paragraph=\count85
\c@subparagraph=\count86
\c@figure=\count87
\c@table=\count88
\abovecaptionskip=\skip41
\belowcaptionskip=\skip42
\bibindent=\dimen102
))
("D:\Program Files(x86)\CTEX\MiKTeX\tex\latex\ctex\def\ctex-common.def"
("D:\Program Files(x86)\CTEX\MiKTeX\tex\latex\l3kernel\expl3.sty"
("D:\Program Files(x86)\CTEX\MiKTeX\tex\latex\l3kernel\l3names.sty"
("D:\Program Files(x86)\CTEX\MiKTeX\tex\latex\l3kernel\l3bootstrap.sty"
Package: l3bootstrap 2011/12/29 v3110 L3 Experimental bootstrap code
)
Package: l3names 2011/12/30 v3113 L3 Experimental namespace for primitives
)
("D:\Program Files(x86)\CTEX\MiKTeX\tex\latex\misc\etex.sty"
Package: etex 1998/03/26 v2.0 eTeX basic definition package (PEB)
\et@xins=\count89
)
Package: expl3 2012/02/26 v3471 L3 Experimental code bundle wrapper

("D:\Program Files(x86)\CTEX\MiKTeX\tex\latex\graphics\color.sty"
Package: color 2005/11/14 v1.0j Standard LaTeX Color (DPC)

("D:\Program Files(x86)\CTEX\MiKTeX\tex\latex\00miktex\color.cfg"
File: color.cfg 2007/01/18 v1.5 color configuration of teTeX/TeXLive
)
Package color Info: Driver file: dvips.def on input line 130.

("D:\Program Files(x86)\CTEX\MiKTeX\tex\latex\graphics\dvips.def"
File: dvips.def 1999/02/16 v3.0i Driver-dependant file (DPC,SPQR)
)
("D:\Program Files(x86)\CTEX\MiKTeX\tex\latex\graphics\dvipsnam.def"
File: dvipsnam.def 1999/02/16 v3.0i Driver-dependant file (DPC,SPQR)
))
("D:\Program Files(x86)\CTEX\MiKTeX\tex\latex\graphics\graphics.sty"
Package: graphics 2009/02/05 v1.0o Standard LaTeX Graphics (DPC,SPQR)

("D:\Program Files(x86)\CTEX\MiKTeX\tex\latex\graphics\trig.sty"
Package: trig 1999/03/16 v1.09 sin cos tan (DPC)
)
("D:\Program Files(x86)\CTEX\MiKTeX\tex\latex\00miktex\graphics.cfg"
File: graphics.cfg 2007/01/18 v1.5 graphics configuration of teTeX/TeXLive
)
Package graphics Info: Driver file: dvips.def on input line 91.
)
("D:\Program Files(x86)\CTEX\MiKTeX\tex\latex\l3kernel\l3basics.sty"
Package: l3basics 2012/02/26 v3460 L3 Experimental basic definitions
)
("D:\Program Files(x86)\CTEX\MiKTeX\tex\latex\l3kernel\l3expan.sty"
Package: l3expan 2012/02/26 v3460 L3 Experimental argument expansion
)
("D:\Program Files(x86)\CTEX\MiKTeX\tex\latex\l3kernel\l3tl.sty"
Package: l3tl 2012/02/26 v3460 L3 Experimental token lists
)
("D:\Program Files(x86)\CTEX\MiKTeX\tex\latex\l3kernel\l3seq.sty"
Package: l3seq 2012/01/09 v3158 L3 Experimental sequences and stacks
)
("D:\Program Files(x86)\CTEX\MiKTeX\tex\latex\l3kernel\l3int.sty"
Package: l3int 2012/02/26 v3460 L3 Experimental integers
\c_max_int=\count90
\l_tmpa_int=\count91
\l_tmpb_int=\count92
\l_tmpc_int=\count93
\g_tmpa_int=\count94
\g_tmpb_int=\count95
)
("D:\Program Files(x86)\CTEX\MiKTeX\tex\latex\l3kernel\l3quark.sty"
Package: l3quark 2012/02/12 v3384 L3 Experimental quarks
)
("D:\Program Files(x86)\CTEX\MiKTeX\tex\latex\l3kernel\l3prg.sty"
Package: l3prg 2012/02/26 v3464 L3 Experimental control structures
\g_prg_map_int=\count96
)
("D:\Program Files(x86)\CTEX\MiKTeX\tex\latex\l3kernel\l3clist.sty"
Package: l3clist 2012/02/26 v3460 L3 Experimental comma separated lists
)
("D:\Program Files(x86)\CTEX\MiKTeX\tex\latex\l3kernel\l3token.sty"
Package: l3token 2012/02/26 v3460 L3 Experimental token manipulation
)
("D:\Program Files(x86)\CTEX\MiKTeX\tex\latex\l3kernel\l3prop.sty"
Package: l3prop 2012/02/26 v3460 L3 Experimental property lists
)
("D:\Program Files(x86)\CTEX\MiKTeX\tex\latex\l3kernel\l3msg.sty"
Package: l3msg 2012/02/26 v3470 L3 Experimental messages
)
("D:\Program Files(x86)\CTEX\MiKTeX\tex\latex\l3kernel\l3file.sty"
Package: l3file 2012/02/26 v3464 L3 Experimental file and I/O operations
\l_iow_stream_int=\count97
\l_iow_line_length_int=\count98
\l_iow_target_length_int=\count99
\l_iow_current_line_int=\count100
\l_iow_current_word_int=\count101
\l_iow_current_indentation_int=\count102
)
("D:\Program Files(x86)\CTEX\MiKTeX\tex\latex\l3kernel\l3skip.sty"
Package: l3skip 2012/02/26 v3460 L3 Experimental dimensions and skips
\l_tmpa_dim=\dimen103
\l_tmpb_dim=\dimen104
\l_tmpc_dim=\dimen105
\g_tmpa_dim=\dimen106
\g_tmpb_dim=\dimen107
\l_tmpa_skip=\skip43
\l_tmpb_skip=\skip44
\l_tmpc_skip=\skip45
\g_tmpa_skip=\skip46
\g_tmpb_skip=\skip47
)
("D:\Program Files(x86)\CTEX\MiKTeX\tex\latex\l3kernel\l3keys.sty"
Package: l3keys 2011/12/22 v3086 L3 Experimental key-value interfaces
\g_keyval_level_int=\count103
\l_keys_choice_int=\count104
)
("D:\Program Files(x86)\CTEX\MiKTeX\tex\latex\l3kernel\l3fp.sty"
Package: l3fp 2012/02/06 v3315 L3 Experimental floating-point operations
\c_one_million=\count105
\c_one_hundred_million=\count106
\c_five_hundred_million=\count107
\c_one_thousand_million=\count108
\c_fp_pi_by_four_decimal_int=\count109
\c_fp_pi_by_four_extended_int=\count110
\c_fp_pi_decimal_int=\count111
\c_fp_pi_extended_int=\count112
\c_fp_two_pi_decimal_int=\count113
\c_fp_two_pi_extended_int=\count114
\l_fp_count_int=\count115
\l_fp_div_offset_int=\count116
\l_fp_exp_integer_int=\count117
\l_fp_exp_decimal_int=\count118
\l_fp_exp_extended_int=\count119
\l_fp_exp_exponent_int=\count120
\l_fp_input_a_sign_int=\count121
\l_fp_input_a_integer_int=\count122
\l_fp_input_a_decimal_int=\count123
\l_fp_input_a_exponent_int=\count124
\l_fp_input_b_sign_int=\count125
\l_fp_input_b_integer_int=\count126
\l_fp_input_b_decimal_int=\count127
\l_fp_input_b_exponent_int=\count128
\l_fp_input_a_extended_int=\count129
\l_fp_input_b_extended_int=\count130
\l_fp_mul_a_i_int=\count131
\l_fp_mul_a_ii_int=\count132
\l_fp_mul_a_iii_int=\count133
\l_fp_mul_a_iv_int=\count134
\l_fp_mul_a_v_int=\count135
\l_fp_mul_a_vi_int=\count136
\l_fp_mul_b_i_int=\count137
\l_fp_mul_b_ii_int=\count138
\l_fp_mul_b_iii_int=\count139
\l_fp_mul_b_iv_int=\count140
\l_fp_mul_b_v_int=\count141
\l_fp_mul_b_vi_int=\count142
\l_fp_mul_output_int=\count143
\l_fp_output_sign_int=\count144
\l_fp_output_integer_int=\count145
\l_fp_output_decimal_int=\count146
\l_fp_output_exponent_int=\count147
\l_fp_output_extended_int=\count148
\l_fp_round_position_int=\count149
\l_fp_round_target_int=\count150
\l_fp_split_sign_int=\count151
\l_fp_internal_int=\count152
\l_fp_trig_octant_int=\count153
\l_fp_trig_sign_int=\count154
\l_fp_trig_decimal_int=\count155
\l_fp_trig_extended_int=\count156
\l_fp_internal_dim=\dimen108
\l_fp_internal_skip=\skip48
)
("D:\Program Files(x86)\CTEX\MiKTeX\tex\latex\l3kernel\l3box.sty"
Package: l3box 2012/02/18 v3432 L3 Experimental boxes
\l_tmpb_box=\box26
\l_box_top_dim=\dimen109
\l_box_bottom_dim=\dimen110
\l_box_left_dim=\dimen111
\l_box_right_dim=\dimen112
\l_box_top_new_dim=\dimen113
\l_box_bottom_new_dim=\dimen114
\l_box_left_new_dim=\dimen115
\l_box_right_new_dim=\dimen116
\l_box_internal_box=\box27
)
("D:\Program Files(x86)\CTEX\MiKTeX\tex\latex\l3kernel\l3coffins.sty"
Package: l3coffins 2012/02/26 v3460 L3 Experimental coffin code layer
\l_coffin_internal_box=\box28
\l_coffin_internal_dim=\dimen117
\l_coffin_offset_x_dim=\dimen118
\l_coffin_offset_y_dim=\dimen119
\l_coffin_x_dim=\dimen120
\l_coffin_y_dim=\dimen121
\l_coffin_x_prime_dim=\dimen122
\l_coffin_y_prime_dim=\dimen123
\l_coffin_Depth_dim=\dimen124
\l_coffin_Height_dim=\dimen125
\l_coffin_TotalHeight_dim=\dimen126
\l_coffin_Width_dim=\dimen127
\c_empty_coffin=\box29
\l_coffin_aligned_coffin=\box30
\l_coffin_aligned_internal_coffin=\box31
\l_coffin_bounding_shift_dim=\dimen128
\l_coffin_left_corner_dim=\dimen129
\l_coffin_right_corner_dim=\dimen130
\l_coffin_bottom_corner_dim=\dimen131
\l_coffin_top_corner_dim=\dimen132
\l_coffin_scaled_total_height_dim=\dimen133
\l_coffin_scaled_width_dim=\dimen134
\l_coffin_display_coffin=\box32
\l_coffin_display_coord_coffin=\box33
\l_coffin_display_pole_coffin=\box34
\l_coffin_display_offset_dim=\dimen135
\l_coffin_display_x_dim=\dimen136
\l_coffin_display_y_dim=\dimen137
)
("D:\Program Files(x86)\CTEX\MiKTeX\tex\latex\l3kernel\l3color.sty"
Package: l3color 2011/09/07 v2776 L3 Experimental colour support
)
("D:\Program Files(x86)\CTEX\MiKTeX\tex\latex\l3kernel\l3luatex.sty"
Package: l3luatex 2012/02/09 v3355 L3 Experimental LuaTeX-specific functions
\g_cctab_allocate_int=\count157
\g_cctab_stack_int=\count158
))
("D:\Program Files(x86)\CTEX\MiKTeX\tex\latex\etoolbox\etoolbox.sty"
Package: etoolbox 2011/01/03 v2.1 e-TeX tools for LaTeX
\etb@tempcnta=\count159
)
("D:\Program Files(x86)\CTEX\MiKTeX\tex\generic\oberdiek\ifpdf.sty"
Package: ifpdf 2011/01/30 v2.3 Provides the ifpdf switch (HO)
Package ifpdf Info: pdfTeX in PDF mode is not detected.
)
("D:\Program Files(x86)\CTEX\MiKTeX\tex\generic\ifxetex\ifxetex.sty"
Package: ifxetex 2010/09/12 v0.6 Provides ifxetex conditional
)
("D:\Program Files(x86)\CTEX\MiKTeX\tex\latex\graphics\keyval.sty"
Package: keyval 1999/03/16 v1.13 key=value parser (DPC)
\KV@toks@=\toks14
)
("D:\Program Files(x86)\CTEX\MiKTeX\tex\latex\tools\indentfirst.sty"
Package: indentfirst 1995/11/23 v1.03 Indent first paragraph (DPC)
)
("D:\Program Files(x86)\CTEX\MiKTeX\tex\latex\base\fix-cm.sty"
Package: fix-cm 2006/09/13 v1.1m fixes to LaTeX

("D:\Program Files(x86)\CTEX\MiKTeX\tex\latex\base\ts1enc.def"
File: ts1enc.def 2001/06/05 v3.0e (jk/car/fm) Standard LaTeX file
))
("D:\Program Files(x86)\CTEX\MiKTeX\tex\latex\fancyhdr\fancyhdr.sty"
\fancy@headwidth=\skip49
\f@ncyO@elh=\skip50
\f@ncyO@erh=\skip51
\f@ncyO@olh=\skip52
\f@ncyO@orh=\skip53
\f@ncyO@elf=\skip54
\f@ncyO@erf=\skip55
\f@ncyO@olf=\skip56
\f@ncyO@orf=\skip57
)
("D:\Program Files(x86)\CTEX\MiKTeX\tex\latex\ctex\engine\ctex-cjk-engine.def"
("D:\Program Files(x86)\CTEX\MiKTeX\tex\latex\cjk\CJK.sty"
Package: CJK 2008/12/29 4.8.2

("D:\Program Files(x86)\CTEX\MiKTeX\tex\latex\cjk\mule\MULEenc.sty"
Package: MULEenc 2008/12/29 4.8.2
)
("D:\Program Files(x86)\CTEX\MiKTeX\tex\latex\cjk\CJK.enc"
File: CJK.enc 2008/12/29 4.8.2
)
LaTeX Info: Redefining \selectfont on input line 756.
\CJK@indent=\box35
)
("D:\Program Files(x86)\CTEX\CTeX\tex\latex\CJKpunct\CJKpunct.sty"
Package: CJKpunct 2010/02/21 4.8.2-2
\CJKpunct@cnta=\count160
\CJKpunct@cntb=\count161
\CJKpunct@cntc=\count162
\CJKpunct@cntd=\count163
\CJKpunct@cnte=\count164

("D:\Program Files(x86)\CTEX\CTeX\tex\latex\CJKpunct\CJKpunct.spa"))
("D:\Program Files(x86)\CTEX\MiKTeX\tex\latex\ctex\engine\ctex-cjk-common.def"
\ccwd=\dimen138
)
("D:\Program Files(x86)\CTEX\MiKTeX\tex\latex\ctex\fontset\ctex-cjk-winfonts.de
f" ("D:\Program Files(x86)\CTEX\MiKTeX\tex\generic\zhmetrics\zhwinfonts.tex"
("D:\Program Files(x86)\CTEX\MiKTeX\tex\generic\oberdiek\ifpdf.sty"
Package ifpdf Info: The package is already loaded, stopped on input line 64.
))))
\CTEX@q=\count165
\CTEX@r=\count166
)
("D:\Program Files(x86)\CTEX\MiKTeX\tex\latex\ctex\def\ctex-caption.def")
("D:\Program Files(x86)\CTEX\MiKTeX\tex\latex\ctex\def\ctex-class.def")
("D:\Program Files(x86)\CTEX\MiKTeX\tex\latex\ctex\def\ctex-book.def"))
("D:\Program Files(x86)\CTEX\MiKTeX\tex\latex\ctex\def\ctex-gbk.def")
("D:\Program Files(x86)\CTEX\MiKTeX\tex\latex\ctex\cfg\ctexcap.cfg"
("D:\Program Files(x86)\CTEX\MiKTeX\tex\latex\ctex\cfg\ctexcap-gbk.cfg"))
("D:\Program Files(x86)\CTEX\MiKTeX\tex\latex\ctex\cfg\ctex.cfg")
("D:\Program Files(x86)\CTEX\MiKTeX\tex\latex\ams\math\amsmath.sty"
Package: amsmath 2000/07/18 v2.13 AMS math features
\@mathmargin=\skip58

For additional information on amsmath, use the `?' option.
("D:\Program Files(x86)\CTEX\MiKTeX\tex\latex\ams\math\amstext.sty"
Package: amstext 2000/06/29 v2.01

("D:\Program Files(x86)\CTEX\MiKTeX\tex\latex\ams\math\amsgen.sty"
File: amsgen.sty 1999/11/30 v2.0
\@emptytoks=\toks15
\ex@=\dimen139
))
("D:\Program Files(x86)\CTEX\MiKTeX\tex\latex\ams\math\amsbsy.sty"
Package: amsbsy 1999/11/29 v1.2d
\pmbraise@=\dimen140
)
("D:\Program Files(x86)\CTEX\MiKTeX\tex\latex\ams\math\amsopn.sty"
Package: amsopn 1999/12/14 v2.01 operator names
)
\inf@bad=\count167
LaTeX Info: Redefining \frac on input line 211.
\uproot@=\count168
\leftroot@=\count169
LaTeX Info: Redefining \overline on input line 307.
\classnum@=\count170
\DOTSCASE@=\count171
LaTeX Info: Redefining \ldots on input line 379.
LaTeX Info: Redefining \dots on input line 382.
LaTeX Info: Redefining \cdots on input line 467.
\Mathstrutbox@=\box36
\strutbox@=\box37
\big@size=\dimen141
LaTeX Font Info:    Redeclaring font encoding OML on input line 567.
LaTeX Font Info:    Redeclaring font encoding OMS on input line 568.
\macc@depth=\count172
\c@MaxMatrixCols=\count173
\dotsspace@=\muskip10
\c@parentequation=\count174
\dspbrk@lvl=\count175
\tag@help=\toks16
\row@=\count176
\column@=\count177
\maxfields@=\count178
\andhelp@=\toks17
\eqnshift@=\dimen142
\alignsep@=\dimen143
\tagshift@=\dimen144
\tagwidth@=\dimen145
\totwidth@=\dimen146
\lineht@=\dimen147
\@envbody=\toks18
\multlinegap=\skip59
\multlinetaggap=\skip60
\mathdisplay@stack=\toks19
LaTeX Info: Redefining \[ on input line 2666.
LaTeX Info: Redefining \] on input line 2667.
)
("D:\Program Files(x86)\CTEX\MiKTeX\tex\latex\ams\classes\amsthm.sty"
Package: amsthm 2004/08/06 v2.20
\thm@style=\toks20
\thm@bodyfont=\toks21
\thm@headfont=\toks22
\thm@notefont=\toks23
\thm@headpunct=\toks24
\thm@preskip=\skip61
\thm@postskip=\skip62
\thm@headsep=\skip63
\dth@everypar=\toks25
)
("D:\Program Files(x86)\CTEX\MiKTeX\tex\latex\amsfonts\amsfonts.sty"
Package: amsfonts 2009/06/22 v3.00 Basic AMSFonts support
\symAMSa=\mathgroup4
\symAMSb=\mathgroup5
LaTeX Font Info:    Overwriting math alphabet `\mathfrak' in version `bold'
(Font)                  U/euf/m/n --> U/euf/b/n on input line 96.
)
("D:\Program Files(x86)\CTEX\MiKTeX\tex\latex\amsfonts\amssymb.sty"
Package: amssymb 2009/06/22 v3.00
)
("D:\Program Files(x86)\CTEX\MiKTeX\tex\latex\tools\bm.sty"
Package: bm 2004/02/26 v1.1c Bold Symbol Support (DPC/FMi)
\symboldoperators=\mathgroup6
\symboldletters=\mathgroup7
\symboldsymbols=\mathgroup8
LaTeX Font Info:    Redeclaring math alphabet \mathbf on input line 138.
LaTeX Info: Redefining \bm on input line 204.
)
("D:\Program Files(x86)\CTEX\MiKTeX\tex\latex\graphics\graphicx.sty"
Package: graphicx 1999/02/16 v1.0f Enhanced LaTeX Graphics (DPC,SPQR)
\Gin@req@height=\dimen148
\Gin@req@width=\dimen149
)
("D:\Program Files(x86)\CTEX\MiKTeX\tex\latex\psfrag\psfrag.sty"
Package: psfrag 1998/04/11 v3.04 PSfrag (MCG)
\pfg@pcount=\count179
\pfg@scount=\count180
\pfg@temp=\write3
)
("D:\Program Files(x86)\CTEX\MiKTeX\tex\latex\hyperref\hyperref.sty"
Package: hyperref 2012/02/06 v6.82o Hypertext links for LaTeX

("D:\Program Files(x86)\CTEX\MiKTeX\tex\generic\oberdiek\hobsub-hyperref.sty"
Package: hobsub-hyperref 2011/04/23 v1.4 Bundle oberdiek, subset hyperref (HO)

("D:\Program Files(x86)\CTEX\MiKTeX\tex\generic\oberdiek\hobsub-generic.sty"
Package: hobsub-generic 2011/04/23 v1.4 Bundle oberdiek, subset generic (HO)
Package: hobsub 2011/04/23 v1.4 Subsetting bundle oberdiek (HO)
Package: infwarerr 2010/04/08 v1.3 Providing info/warning/message (HO)
Package: ltxcmds 2011/04/18 v1.20 LaTeX kernel commands for general use (HO)
Package: ifluatex 2010/03/01 v1.3 Provides the ifluatex switch (HO)
Package ifluatex Info: LuaTeX not detected.
Package: ifvtex 2010/03/01 v1.5 Switches for detecting VTeX and its modes (HO)
Package ifvtex Info: VTeX not detected.
Package: intcalc 2007/09/27 v1.1 Expandable integer calculations (HO)
Package hobsub Info: Skipping package `ifpdf' (already loaded).
Package: etexcmds 2011/02/16 v1.5 Prefix for e-TeX command names (HO)
Package etexcmds Info: Could not find \expanded.
(etexcmds)             That can mean that you are not using pdfTeX 1.50 or
(etexcmds)             that some package has redefined \expanded.
(etexcmds)             In the latter case, load this package earlier.
Package: kvsetkeys 2011/04/07 v1.13 Key value parser (HO)
Package: kvdefinekeys 2011/04/07 v1.3 Defining keys (HO)
Package: pdftexcmds 2011/04/22 v0.16 Utilities of pdfTeX for LuaTeX (HO)
Package pdftexcmds Info: LuaTeX not detected.
Package pdftexcmds Info: \pdf@primitive is available.
Package pdftexcmds Info: \pdf@ifprimitive is available.
Package pdftexcmds Info: \pdfdraftmode is ignored in DVI mode.
Package: pdfescape 2011/04/04 v1.12 Provides string conversions (HO)
Package: bigintcalc 2011/01/30 v1.2 Expandable big integer calculations (HO)
Package: bitset 2011/01/30 v1.1 Data type bit set (HO)
Package: uniquecounter 2011/01/30 v1.2 Provides unlimited unique counter (HO)
)
Package hobsub Info: Skipping package `hobsub' (already loaded).
Package: letltxmacro 2010/09/02 v1.4 Let assignment for LaTeX macros (HO)
Package: hopatch 2011/01/30 v1.0 Wrapper for package hooks (HO)
Package: xcolor-patch 2011/01/30 xcolor patch
Package: atveryend 2011/04/23 v1.7 Hooks at very end of document (HO)
Package: atbegshi 2011/01/30 v1.15 At begin shipout hook (HO)
Package: refcount 2010/12/01 v3.2 Data extraction from references (HO)
Package: hycolor 2011/01/30 v1.7 Color options of hyperref/bookmark (HO)
)
("D:\Program Files(x86)\CTEX\MiKTeX\tex\latex\oberdiek\kvoptions.sty"
Package: kvoptions 2010/12/23 v3.10 Keyval support for LaTeX options (HO)
)
\@linkdim=\dimen150
\Hy@linkcounter=\count181
\Hy@pagecounter=\count182

("D:\Program Files(x86)\CTEX\MiKTeX\tex\latex\hyperref\pd1enc.def"
File: pd1enc.def 2012/02/06 v6.82o Hyperref: PDFDocEncoding definition (HO)
)
\Hy@SavedSpaceFactor=\count183

("D:\Program Files(x86)\CTEX\MiKTeX\tex\latex\00miktex\hyperref.cfg"
File: hyperref.cfg 2002/06/06 v1.2 hyperref configuration of TeXLive
)
Package hyperref Info: Option `plainpages' set `false' on input line 3925.
Package hyperref Info: Hyper figures OFF on input line 4046.
Package hyperref Info: Link nesting OFF on input line 4051.
Package hyperref Info: Hyper index ON on input line 4054.
Package hyperref Info: Plain pages OFF on input line 4061.
Package hyperref Info: Backreferencing OFF on input line 4066.
Package hyperref Info: Implicit mode ON; LaTeX internals redefined.
Package hyperref Info: Bookmarks ON on input line 4284.
\c@Hy@tempcnt=\count184

("D:\Program Files(x86)\CTEX\MiKTeX\tex\latex\ltxmisc\url.sty"
\Urlmuskip=\muskip11
Package: url 2006/04/12  ver 3.3  Verb mode for urls, etc.
)
LaTeX Info: Redefining \url on input line 4637.
\Fld@menulength=\count185
\Field@Width=\dimen151
\Fld@charsize=\dimen152
Package hyperref Info: Hyper figures OFF on input line 5757.
Package hyperref Info: Link nesting OFF on input line 5762.
Package hyperref Info: Hyper index ON on input line 5765.
Package hyperref Info: backreferencing OFF on input line 5772.
Package hyperref Info: Link coloring OFF on input line 5777.
Package hyperref Info: Link coloring with OCG OFF on input line 5782.
Package hyperref Info: PDF/A mode OFF on input line 5787.
LaTeX Info: Redefining \ref on input line 5827.
LaTeX Info: Redefining \pageref on input line 5831.
\Hy@abspage=\count186
\c@Item=\count187
\c@Hfootnote=\count188
)

Package hyperref Message: Driver: hdvipdfm.

("D:\Program Files(x86)\CTEX\MiKTeX\tex\latex\hyperref\hdvipdfm.def"
File: hdvipdfm.def 2012/02/06 v6.82o Hyperref driver for dvipdfm
\pdfm@box=\box38
\c@Hy@AnnotLevel=\count189
\HyField@AnnotCount=\count190
\Fld@listcount=\count191
\c@bookmark@seq@number=\count192

("D:\Program Files(x86)\CTEX\MiKTeX\tex\latex\oberdiek\rerunfilecheck.sty"
Package: rerunfilecheck 2011/04/15 v1.7 Rerun checks for auxiliary files (HO)
Package uniquecounter Info: New unique counter `rerunfilecheck' on input line 2
82.
)
\Hy@SectionHShift=\skip64
)
Package hyperref Info: Option `CJKbookmarks' set `true' on input line 94.
Package hyperref Info: Option `bookmarksnumbered' set `true' on input line 94.
Package hyperref Info: Option `colorlinks' set `true' on input line 94.
Package hyperref Info: Option `plainpages' set `false' on input line 94.
)
("D:\Program Files(x86)\CTEX\MiKTeX\tex\latex\base\latexsym.sty"
Package: latexsym 1998/08/17 v2.2e Standard LaTeX package (lasy symbols)
\symlasy=\mathgroup9
LaTeX Font Info:    Overwriting symbol font `lasy' in version `bold'
(Font)                  U/lasy/m/n --> U/lasy/b/n on input line 47.
)
("D:\Program Files(x86)\CTEX\MiKTeX\tex\latex\stmaryrd\stmaryrd.sty"
Package: stmaryrd 1994/03/03 St Mary's Road symbol package
\symstmry=\mathgroup10
LaTeX Font Info:    Overwriting symbol font `stmry' in version `bold'
(Font)                  U/stmry/m/n --> U/stmry/b/n on input line 89.
)
("D:\Program Files(x86)\CTEX\MiKTeX\tex\latex\txfonts\txfonts.sty"
Package: txfonts 2008/01/22 v3.2.1
LaTeX Font Info:    Redeclaring symbol font `operators' on input line 21.
LaTeX Font Info:    Overwriting symbol font `operators' in version `normal'
(Font)                  OT1/cmr/m/n --> OT1/txr/m/n on input line 21.
LaTeX Font Info:    Overwriting symbol font `operators' in version `bold'
(Font)                  OT1/cmr/bx/n --> OT1/txr/m/n on input line 21.
LaTeX Font Info:    Overwriting symbol font `operators' in version `bold'
(Font)                  OT1/txr/m/n --> OT1/txr/bx/n on input line 22.
\symitalic=\mathgroup11
LaTeX Font Info:    Overwriting symbol font `italic' in version `bold'
(Font)                  OT1/txr/m/it --> OT1/txr/bx/it on input line 26.
LaTeX Font Info:    Redeclaring math alphabet \mathbf on input line 29.
LaTeX Font Info:    Redeclaring math alphabet \mathit on input line 30.
LaTeX Font Info:    Overwriting math alphabet `\mathit' in version `normal'
(Font)                  OT1/cmr/m/it --> OT1/txr/m/it on input line 30.
LaTeX Font Info:    Overwriting math alphabet `\mathit' in version `bold'
(Font)                  OT1/cmr/bx/it --> OT1/txr/m/it on input line 30.
LaTeX Font Info:    Overwriting math alphabet `\mathit' in version `bold'
(Font)                  OT1/txr/m/it --> OT1/txr/bx/it on input line 31.
LaTeX Font Info:    Redeclaring math alphabet \mathsf on input line 40.
LaTeX Font Info:    Overwriting math alphabet `\mathsf' in version `normal'
(Font)                  OT1/cmss/m/n --> OT1/txss/m/n on input line 40.
LaTeX Font Info:    Overwriting math alphabet `\mathsf' in version `bold'
(Font)                  OT1/cmss/bx/n --> OT1/txss/m/n on input line 40.
LaTeX Font Info:    Overwriting math alphabet `\mathsf' in version `bold'
(Font)                  OT1/txss/m/n --> OT1/txss/b/n on input line 41.
LaTeX Font Info:    Redeclaring math alphabet \mathtt on input line 50.
LaTeX Font Info:    Overwriting math alphabet `\mathtt' in version `normal'
(Font)                  OT1/cmtt/m/n --> OT1/txtt/m/n on input line 50.
LaTeX Font Info:    Overwriting math alphabet `\mathtt' in version `bold'
(Font)                  OT1/cmtt/m/n --> OT1/txtt/m/n on input line 50.
LaTeX Font Info:    Overwriting math alphabet `\mathtt' in version `bold'
(Font)                  OT1/txtt/m/n --> OT1/txtt/b/n on input line 51.
LaTeX Font Info:    Redeclaring symbol font `letters' on input line 58.
LaTeX Font Info:    Overwriting symbol font `letters' in version `normal'
(Font)                  OML/cmm/m/it --> OML/txmi/m/it on input line 58.
LaTeX Font Info:    Overwriting symbol font `letters' in version `bold'
(Font)                  OML/cmm/b/it --> OML/txmi/m/it on input line 58.
LaTeX Font Info:    Overwriting symbol font `letters' in version `bold'
(Font)                  OML/txmi/m/it --> OML/txmi/bx/it on input line 59.
\symlettersA=\mathgroup12
LaTeX Font Info:    Overwriting symbol font `lettersA' in version `bold'
(Font)                  U/txmia/m/it --> U/txmia/bx/it on input line 67.
LaTeX Font Info:    Redeclaring math alphabet \mathfrak on input line 70.
LaTeX Font Info:    Redeclaring symbol font `symbols' on input line 77.
LaTeX Font Info:    Overwriting symbol font `symbols' in version `normal'
(Font)                  OMS/cmsy/m/n --> OMS/txsy/m/n on input line 77.
LaTeX Font Info:    Overwriting symbol font `symbols' in version `bold'
(Font)                  OMS/cmsy/b/n --> OMS/txsy/m/n on input line 77.
LaTeX Font Info:    Overwriting symbol font `symbols' in version `bold'
(Font)                  OMS/txsy/m/n --> OMS/txsy/bx/n on input line 78.
LaTeX Font Info:    Redeclaring symbol font `AMSa' on input line 93.
LaTeX Font Info:    Overwriting symbol font `AMSa' in version `normal'
(Font)                  U/msa/m/n --> U/txsya/m/n on input line 93.
LaTeX Font Info:    Overwriting symbol font `AMSa' in version `bold'
(Font)                  U/msa/m/n --> U/txsya/m/n on input line 93.
LaTeX Font Info:    Overwriting symbol font `AMSa' in version `bold'
(Font)                  U/txsya/m/n --> U/txsya/bx/n on input line 94.
LaTeX Font Info:    Redeclaring symbol font `AMSb' on input line 102.
LaTeX Font Info:    Overwriting symbol font `AMSb' in version `normal'
(Font)                  U/msb/m/n --> U/txsyb/m/n on input line 102.
LaTeX Font Info:    Overwriting symbol font `AMSb' in version `bold'
(Font)                  U/msb/m/n --> U/txsyb/m/n on input line 102.
LaTeX Font Info:    Overwriting symbol font `AMSb' in version `bold'
(Font)                  U/txsyb/m/n --> U/txsyb/bx/n on input line 103.
\symsymbolsC=\mathgroup13
LaTeX Font Info:    Overwriting symbol font `symbolsC' in version `bold'
(Font)                  U/txsyc/m/n --> U/txsyc/bx/n on input line 113.
LaTeX Font Info:    Redeclaring symbol font `largesymbols' on input line 120.
LaTeX Font Info:    Overwriting symbol font `largesymbols' in version `normal'
(Font)                  OMX/cmex/m/n --> OMX/txex/m/n on input line 120.
LaTeX Font Info:    Overwriting symbol font `largesymbols' in version `bold'
(Font)                  OMX/cmex/m/n --> OMX/txex/m/n on input line 120.
LaTeX Font Info:    Overwriting symbol font `largesymbols' in version `bold'
(Font)                  OMX/txex/m/n --> OMX/txex/bx/n on input line 121.
\symlargesymbolsA=\mathgroup14
LaTeX Font Info:    Overwriting symbol font `largesymbolsA' in version `bold'
(Font)                  U/txexa/m/n --> U/txexa/bx/n on input line 129.
LaTeX Info: Redefining \not on input line 1043.
LaTeX Info: Redefining \textsquare on input line 1063.
LaTeX Info: Redefining \openbox on input line 1064.
)
("D:\Program Files(x86)\CTEX\MiKTeX\tex\latex\jknappen\mathrsfs.sty"
Package: mathrsfs 1996/01/01 Math RSFS package v1.0 (jk)
\symrsfs=\mathgroup15
)
("D:\Program Files(x86)\CTEX\CTeX\tex\latex\ccmap\ccmap.sty"
Package: ccmap 2006/11/18


Package ccmap Warning: not running PDFLaTeX - package not loaded.

) ("D:\Program Files(x86)\CTEX\MiKTeX\tex\latex\algorithms\algorithm.sty"
Package: algorithm 2009/08/24 v0.1 Document Style `algorithm' - floating enviro
nment

("D:\Program Files(x86)\CTEX\MiKTeX\tex\latex\float\float.sty"
Package: float 2001/11/08 v1.3d Float enhancements (AL)
\c@float@type=\count193
\float@exts=\toks26
\float@box=\box39
\@float@everytoks=\toks27
\@floatcapt=\box40
)
("D:\Program Files(x86)\CTEX\MiKTeX\tex\latex\base\ifthen.sty"
Package: ifthen 2001/05/26 v1.1c Standard LaTeX ifthen package (DPC)
)
\@float@every@algorithm=\toks28
\c@algorithm=\count194
)
("D:\Program Files(x86)\CTEX\MiKTeX\tex\latex\algorithmicx\algpseudocode.sty"
Package: algpseudocode 

("D:\Program Files(x86)\CTEX\MiKTeX\tex\latex\algorithmicx\algorithmicx.sty"
Package: algorithmicx 2005/04/27 v1.2 Algorithmicx

Document Style algorithmicx 1.2 - a greatly improved `algorithmic' style
\c@ALG@line=\count195
\c@ALG@rem=\count196
\c@ALG@nested=\count197
\ALG@tlm=\skip65
\ALG@thistlm=\skip66
\c@ALG@Lnr=\count198
\c@ALG@blocknr=\count199
\c@ALG@storecount=\count200
\c@ALG@tmpcounter=\count201
\ALG@tmplength=\skip67
)
Document Style - pseudocode environments for use with the `algorithmicx' style
) ("D:\Program Files(x86)\CTEX\MiKTeX\tex\latex\cite\cite.sty"
LaTeX Info: Redefining \cite on input line 302.
LaTeX Info: Redefining \nocite on input line 373.
Package: cite 2010/09/10  v 5.3
)
("D:\Program Files(x86)\CTEX\MiKTeX\tex\latex\tools\tabularx.sty"
Package: tabularx 1999/01/07 v2.07 `tabularx' package (DPC)

("D:\Program Files(x86)\CTEX\MiKTeX\tex\latex\tools\array.sty"
Package: array 2008/09/09 v2.4c Tabular extension package (FMi)
\col@sep=\dimen153
\extrarowheight=\dimen154
\NC@list=\toks29
\extratabsurround=\skip68
\backup@length=\skip69
)
\TX@col@width=\dimen155
\TX@old@table=\dimen156
\TX@old@col=\dimen157
\TX@target=\dimen158
\TX@delta=\dimen159
Normal \count register pool exhausted, switching to extended pool.
\TX@cols=\count277
\TX@ftn=\toks30
)
("D:\Program Files(x86)\CTEX\MiKTeX\tex\latex\caption\caption2.sty"
Package: caption2 2011/08/12 v2.2d Customising captions (AR)


Package caption2 Warning: ****************************************************
(caption2)                THIS PACKAGE IS OBSOLETE:
(caption2)                This package attempts to provide an `caption2'
(caption2)                package v2.0/2.1 author environment so that OLD
(caption2)                documents can be successfully processed. It should
(caption2)                NOT be used for NEW documents! New documents should
(caption2)                use the regular `caption' package v3.x instead.
(caption2)                ****************************************************

("D:\Program Files(x86)\CTEX\MiKTeX\tex\latex\caption\caption3.sty"
Package: caption3 2011/11/01 v1.4a caption3 kernel (AR)
\captionmargin=\dimen160
\captionmargin@=\dimen161
\captionwidth=\dimen162
\caption@indent=\dimen163
\caption@parindent=\dimen164
\caption@hangindent=\dimen165
Package caption Info: Unknown document class (or package),
(caption)             standard defaults will be used.
)
Package caption2 Info: Running in caption2 v2.0 compatibility mode on input lin
e 210.
\captionlinewidth=\dimen166
\realcaptionwidth=\dimen167
Package caption2 Info: float package v1.2 (or newer) detected on input line 319
.
)
("D:\Program Files(x86)\CTEX\MiKTeX\tex\latex\bbding\bbding.sty"
Package: bbding 1999/04/15 v1.01 Dingbats symbols
)
("D:\Program Files(x86)\CTEX\MiKTeX\tex\latex\listings\listings.sty"
\lst@mode=\count278
\lst@gtempboxa=\box41
\lst@token=\toks31
\lst@length=\count279
\lst@currlwidth=\dimen168
\lst@column=\count280
\lst@pos=\count281
\lst@lostspace=\dimen169
\lst@width=\dimen170
\lst@newlines=\count282
\lst@lineno=\count283
\lst@maxwidth=\dimen171

("D:\Program Files(x86)\CTEX\MiKTeX\tex\latex\listings\lstmisc.sty"
File: lstmisc.sty 2007/02/22 1.4 (Carsten Heinz)
\c@lstnumber=\count284
\lst@skipnumbers=\count285
\lst@framebox=\box42
)
("D:\Program Files(x86)\CTEX\MiKTeX\tex\latex\listings\listings.cfg"
File: listings.cfg 2007/02/22 1.4 listings configuration
))
Package: listings 2007/02/22 1.4 (Carsten Heinz)

("D:\Program Files(x86)\CTEX\MiKTeX\tex\latex\tools\longtable.sty"
Package: longtable 2004/02/01 v4.11 Multi-page Table package (DPC)
\LTleft=\skip70
\LTright=\skip71
\LTpre=\skip72
\LTpost=\skip73
\LTchunksize=\count286
\LTcapwidth=\dimen172
\LT@head=\box43
\LT@firsthead=\box44
\LT@foot=\box45
\LT@lastfoot=\box46
\LT@cols=\count287
\LT@rows=\count288
\c@LT@tables=\count289
\c@LT@chunks=\count290
\LT@p@ftn=\toks32
)
("D:\Program Files(x86)\CTEX\MiKTeX\tex\latex\graphics\lscape.sty"
Package: lscape 2000/10/22 v3.01 Landscape Pages (DPC)
)
("D:\Program Files(x86)\CTEX\MiKTeX\tex\latex\colortbl\colortbl.sty"
Package: colortbl 2001/02/13 v0.1j Color table columns (DPC)
\everycr=\toks33
\minrowclearance=\skip74
)
("D:\Program Files(x86)\CTEX\MiKTeX\tex\latex\geometry\geometry.sty"
Package: geometry 2010/09/12 v5.6 Page Geometry
\Gm@cnth=\count291
\Gm@cntv=\count292
\c@Gm@tempcnt=\count293
\Gm@bindingoffset=\dimen173
\Gm@wd@mp=\dimen174
\Gm@odd@mp=\dimen175
\Gm@even@mp=\dimen176
\Gm@layoutwidth=\dimen177
\Gm@layoutheight=\dimen178
\Gm@layouthoffset=\dimen179
\Gm@layoutvoffset=\dimen180
\Gm@dimlist=\toks34

("D:\Program Files(x86)\CTEX\MiKTeX\tex\latex\geometry\geometry.cfg"))
("D:\Program Files(x86)\CTEX\MiKTeX\tex\latex\cjk\CJKnumb.sty"
Package: CJKnumb 2008/12/29 4.8.2
\CJK@q=\count294
\CJK@r=\count295
)
("D:\Program Files(x86)\CTEX\MiKTeX\tex\latex\multirow\multirow.sty"
\bigstrutjot=\dimen181
)
("D:\Program Files(x86)\CTEX\MiKTeX\tex\latex\rotating\rotating.sty"
Package: rotating 2009/03/28 v2.16a rotated objects in LaTeX
\c@r@tfl@t=\count296
\rotFPtop=\skip75
\rotFPbot=\skip76
\rot@float@box=\box47
\rot@mess@toks=\toks35
)
("D:\Program Files(x86)\CTEX\MiKTeX\tex\latex\subfigure\subfigure.sty"
Package: subfigure 2002/07/30 v2.1.4 subfigure package
\subfigtopskip=\skip77
\subfigcapskip=\skip78
\subfigcaptopadj=\dimen182
\subfigbottomskip=\skip79
\subfigcapmargin=\dimen183
\subfiglabelskip=\skip80
\c@subfigure=\count297
\c@lofdepth=\count298
\c@subtable=\count299
\c@lotdepth=\count300

****************************************
* Local config file subfigure.cfg used *
****************************************
("D:\Program Files(x86)\CTEX\MiKTeX\tex\latex\subfigure\subfigure.cfg")
\subfig@top=\skip81
\subfig@bottom=\skip82
)
("D:\Program Files(x86)\CTEX\MiKTeX\tex\latex\setspace\setspace.sty"
Package: setspace 2011/12/19 v6.7a set line spacing
)
("D:\Program Files(x86)\CTEX\MiKTeX\tex\latex\psnfss\times.sty"
Package: times 2005/04/12 PSNFSS-v9.2a (SPQR) 
)
("D:\Program Files(x86)\CTEX\MiKTeX\tex\latex\threeparttable\threeparttable.sty
"
Package: threeparttable 2003/06/13  v 3.0
\@tempboxb=\box48
) ("D:\Program Files(x86)\CTEX\MiKTeX\tex\latex\booktabs\booktabs.sty"
Package: booktabs 2005/04/14 v1.61803 publication quality tables
\heavyrulewidth=\dimen184
\lightrulewidth=\dimen185
\cmidrulewidth=\dimen186
\belowrulesep=\dimen187
\belowbottomsep=\dimen188
\aboverulesep=\dimen189
\abovetopsep=\dimen190
\cmidrulesep=\dimen191
\cmidrulekern=\dimen192
\defaultaddspace=\dimen193
\@cmidla=\count301
\@cmidlb=\count302
\@aboverulesep=\dimen194
\@belowrulesep=\dimen195
\@thisruleclass=\count303
\@lastruleclass=\count304
\@thisrulewidth=\dimen196
)
("D:\Program Files(x86)\CTEX\MiKTeX\tex\latex\enumitem\enumitem.sty"
Package: enumitem 2011/09/28 v3.5.2 Customized lists
\labelindent=\skip83
\enit@outerparindent=\dimen197
\enit@toks=\toks36
\enit@inbox=\box49
\enitdp@description=\count305
)
Package hyperref Info: Option `CJKbookmarks' set `true' on input line 70.


Package hyperref Warning: Option `bookmarks' has already been used,
(hyperref)                setting the option has no effect on input line 70.

Package hyperref Info: Option `bookmarksnumbered' set `true' on input line 70.
Package hyperref Info: Option `bookmarksopen' set `true' on input line 70.
\c@definition=\count306

Package amsthm Warning: Unknown theoremstyle `property' on input line 95.

\c@prp=\count307
\c@property=\count308
Package hyperref Info: Option `colorlinks' set `true' on input line 102.
\c@theorem=\count309
(D:\GitKraken\大论文\THESIS\Thesis\SUDAThesis_LaTeX\MainFile.aux
(D:\GitKraken\大论文\THESIS\Thesis\SUDAThesis_LaTeX\chapter\abstract.aux)
(D:\GitKraken\大论文\THESIS\Thesis\SUDAThesis_LaTeX\chapter\englishabstract.
aux) (D:\GitKraken\大论文\THESIS\Thesis\SUDAThesis_LaTeX\chapter\chap01.aux

LaTeX Warning: Label `PMC' multiply defined.

) (D:\GitKraken\大论文\THESIS\Thesis\SUDAThesis_LaTeX\chapter\chap02.aux)
(D:\GitKraken\大论文\THESIS\Thesis\SUDAThesis_LaTeX\chapter\chap03.aux)
(D:\GitKraken\大论文\THESIS\Thesis\SUDAThesis_LaTeX\chapter\chap04.aux)
(D:\GitKraken\大论文\THESIS\Thesis\SUDAThesis_LaTeX\chapter\chap05.aux)
(D:\GitKraken\大论文\THESIS\Thesis\SUDAThesis_LaTeX\chapter\pub.aux)
(D:\GitKraken\大论文\THESIS\Thesis\SUDAThesis_LaTeX\chapter\thanks.aux))
LaTeX Font Info:    Checking defaults for OML/txmi/m/it on input line 184.
LaTeX Font Info:    Try loading font information for OML+txmi on input line 184
.

("D:\Program Files(x86)\CTEX\MiKTeX\tex\latex\txfonts\omltxmi.fd"
File: omltxmi.fd 2000/12/15 v3.1
)
LaTeX Font Info:    ... okay on input line 184.
LaTeX Font Info:    Checking defaults for T1/cmr/m/n on input line 184.
LaTeX Font Info:    ... okay on input line 184.
LaTeX Font Info:    Checking defaults for OT1/cmr/m/n on input line 184.
LaTeX Font Info:    ... okay on input line 184.
LaTeX Font Info:    Checking defaults for OMS/txsy/m/n on input line 184.
LaTeX Font Info:    Try loading font information for OMS+txsy on input line 184
.

("D:\Program Files(x86)\CTEX\MiKTeX\tex\latex\txfonts\omstxsy.fd"
File: omstxsy.fd 2000/12/15 v3.1
)
LaTeX Font Info:    ... okay on input line 184.
LaTeX Font Info:    Checking defaults for OMX/txex/m/n on input line 184.
LaTeX Font Info:    Try loading font information for OMX+txex on input line 184
.

("D:\Program Files(x86)\CTEX\MiKTeX\tex\latex\txfonts\omxtxex.fd"
File: omxtxex.fd 2000/12/15 v3.1
)
LaTeX Font Info:    ... okay on input line 184.
LaTeX Font Info:    Checking defaults for U/txexa/m/n on input line 184.
LaTeX Font Info:    Try loading font information for U+txexa on input line 184.


("D:\Program Files(x86)\CTEX\MiKTeX\tex\latex\txfonts\utxexa.fd"
File: utxexa.fd 2000/12/15 v3.1
)
LaTeX Font Info:    ... okay on input line 184.
LaTeX Font Info:    Checking defaults for TS1/cmr/m/n on input line 184.
LaTeX Font Info:    ... okay on input line 184.
LaTeX Font Info:    Checking defaults for C00/song/m/n on input line 184.
LaTeX Font Info:    ... okay on input line 184.
LaTeX Font Info:    Checking defaults for C05/song/m/n on input line 184.
LaTeX Font Info:    ... okay on input line 184.
LaTeX Font Info:    Checking defaults for C09/song/m/n on input line 184.
LaTeX Font Info:    ... okay on input line 184.
LaTeX Font Info:    Checking defaults for C10/song/m/n on input line 184.
LaTeX Font Info:    ... okay on input line 184.
LaTeX Font Info:    Checking defaults for C20/song/m/n on input line 184.
LaTeX Font Info:    ... okay on input line 184.
LaTeX Font Info:    Checking defaults for C19/song/m/n on input line 184.
LaTeX Font Info:    ... okay on input line 184.
LaTeX Font Info:    Checking defaults for C40/song/m/n on input line 184.
LaTeX Font Info:    ... okay on input line 184.
LaTeX Font Info:    Checking defaults for C42/song/m/n on input line 184.
LaTeX Font Info:    ... okay on input line 184.
LaTeX Font Info:    Checking defaults for C43/song/m/n on input line 184.
LaTeX Font Info:    ... okay on input line 184.
LaTeX Font Info:    Checking defaults for C50/song/m/n on input line 184.
LaTeX Font Info:    ... okay on input line 184.
LaTeX Font Info:    Checking defaults for C52/song/m/n on input line 184.
LaTeX Font Info:    ... okay on input line 184.
LaTeX Font Info:    Checking defaults for C49/song/m/n on input line 184.
LaTeX Font Info:    ... okay on input line 184.
LaTeX Font Info:    Checking defaults for C60/mj/m/n on input line 184.
LaTeX Font Info:    ... okay on input line 184.
LaTeX Font Info:    Checking defaults for C61/mj/m/n on input line 184.
LaTeX Font Info:    ... okay on input line 184.
LaTeX Font Info:    Checking defaults for C63/mj/m/n on input line 184.
LaTeX Font Info:    ... okay on input line 184.
LaTeX Font Info:    Checking defaults for C64/mj/m/n on input line 184.
LaTeX Font Info:    ... okay on input line 184.
LaTeX Font Info:    Checking defaults for C65/mj/m/n on input line 184.
LaTeX Font Info:    ... okay on input line 184.
LaTeX Font Info:    Checking defaults for C70/song/m/n on input line 184.
LaTeX Font Info:    ... okay on input line 184.
LaTeX Font Info:    Checking defaults for C31/song/m/n on input line 184.
LaTeX Font Info:    ... okay on input line 184.
LaTeX Font Info:    Checking defaults for C32/song/m/n on input line 184.
LaTeX Font Info:    ... okay on input line 184.
LaTeX Font Info:    Checking defaults for C33/song/m/n on input line 184.
LaTeX Font Info:    ... okay on input line 184.
LaTeX Font Info:    Checking defaults for C34/song/m/n on input line 184.
LaTeX Font Info:    ... okay on input line 184.
LaTeX Font Info:    Checking defaults for C35/song/m/n on input line 184.
LaTeX Font Info:    ... okay on input line 184.
LaTeX Font Info:    Checking defaults for C36/song/m/n on input line 184.
LaTeX Font Info:    ... okay on input line 184.
LaTeX Font Info:    Checking defaults for C37/song/m/n on input line 184.
LaTeX Font Info:    ... okay on input line 184.
LaTeX Font Info:    Checking defaults for C80/song/m/n on input line 184.
LaTeX Font Info:    ... okay on input line 184.
LaTeX Font Info:    Checking defaults for C81/song/m/n on input line 184.
LaTeX Font Info:    ... okay on input line 184.
LaTeX Font Info:    Checking defaults for C01/song/m/n on input line 184.
LaTeX Font Info:    ... okay on input line 184.
LaTeX Font Info:    Checking defaults for C11/song/m/n on input line 184.
LaTeX Font Info:    ... okay on input line 184.
LaTeX Font Info:    Checking defaults for C21/song/m/n on input line 184.
LaTeX Font Info:    ... okay on input line 184.
LaTeX Font Info:    Checking defaults for C41/song/m/n on input line 184.
LaTeX Font Info:    ... okay on input line 184.
LaTeX Font Info:    Checking defaults for C62/song/m/n on input line 184.
LaTeX Font Info:    ... okay on input line 184.
LaTeX Font Info:    Checking defaults for PD1/pdf/m/n on input line 184.
LaTeX Font Info:    ... okay on input line 184.
LaTeX Font Info:    Try loading font information for OT1+ptm on input line 184.


("D:\Program Files(x86)\CTEX\MiKTeX\tex\latex\psnfss\ot1ptm.fd"
File: ot1ptm.fd 2001/06/04 font definitions for OT1/ptm.
)
\AtBeginShipoutBox=\box50
Package hyperref Info: Link coloring ON on input line 184.

("D:\Program Files(x86)\CTEX\MiKTeX\tex\latex\hyperref\nameref.sty"
Package: nameref 2010/04/30 v2.40 Cross-referencing by name of section

("D:\Program Files(x86)\CTEX\MiKTeX\tex\generic\oberdiek\gettitlestring.sty"
Package: gettitlestring 2010/12/03 v1.4 Cleanup title references (HO)
)
\c@section@level=\count310
)
LaTeX Info: Redefining \ref on input line 184.
LaTeX Info: Redefining \pageref on input line 184.
LaTeX Info: Redefining \nameref on input line 184.

(D:\GitKraken\大论文\THESIS\Thesis\SUDAThesis_LaTeX\MainFile.out)
(D:\GitKraken\大论文\THESIS\Thesis\SUDAThesis_LaTeX\MainFile.out)
\@outlinefile=\write4

(D:\GitKraken\大论文\THESIS\Thesis\SUDAThesis_LaTeX\SUDAthesis.cfg
File: SUDAthesis.cfg 2005/10/11 v0.1e SUDAthesis configuration file
\c@axiom=\count311
\c@inferrule=\count312
\c@algo=\count313
\c@thm=\count314
\c@lem=\count315
\c@notat=\count316
\c@observ=\count317
\c@remark=\count318
\c@condit=\count319
\c@defn=\count320
\c@conj=\count321
\c@exmp=\count322
\c@rem=\count323
\c@case=\count324
)
Package caption Info: Begin \AtBeginDocument code.
Package caption Info: End \AtBeginDocument code.
\c@lstlisting=\count325

*geometry* driver: auto-detecting
*geometry* detected driver: dvips
*geometry* verbose mode - [ preamble ] result:
* driver: dvips
* paper: <default>
* layout: <same size as paper>
* layoutoffset:(h,v)=(0.0pt,0.0pt)
* modes: twoside 
* h-part:(L,W,R)=(78.24507pt, 441.01773pt, 78.24507pt)
* v-part:(T,H,B)=(93.89418pt, 674.33032pt, 76.82234pt)
* \paperwidth=597.50787pt
* \paperheight=845.04684pt
* \textwidth=441.01773pt
* \textheight=674.33032pt
* \oddsidemargin=5.97508pt
* \evensidemargin=5.97508pt
* \topmargin=-11.2496pt
* \headheight=13.0pt
* \headsep=19.8738pt
* \topskip=12.0pt
* \footskip=30.0pt
* \marginparwidth=88.0pt
* \marginparsep=7.0pt
* \columnsep=10.0pt
* \skip\footins=10.8pt plus 4.0pt minus 2.0pt
* \hoffset=0.0pt
* \voffset=0.0pt
* \mag=1000
* \@twocolumnfalse
* \@twosidetrue
* \@mparswitchtrue
* \@reversemarginfalse
* (1in=72.27pt=25.4mm, 1cm=28.453pt)

("D:\Program Files(x86)\CTEX\MiKTeX\tex\latex\cjk\standard.bdg"
File: standard.bdg 2008/12/29 4.8.2
)
("D:\Program Files(x86)\CTEX\MiKTeX\tex\latex\cjk\extended.enc"
File: extended.enc 2008/12/29 4.8.2
)
("D:\Program Files(x86)\CTEX\MiKTeX\tex\latex\cjk\extended.chr"
File: extended.chr 2008/12/29 4.8.2
)
File: soochowLogo.eps Graphic file (type eps)

<soochowLogo.eps>
LaTeX Font Info:    Font shape `OT1/ptm/bx/n' in size <26.1> not available
(Font)              Font shape `OT1/ptm/b/n' tried instead on input line 209.
LaTeX Font Info:    Try loading font information for C19+rm on input line 209.
 ("D:\Program Files(x86)\CTEX\MiKTeX\tex\latex\ctex\fd\c19rm.fd"
File: c19rm.fd 2007/05/06 v0.8a ctex font definition file
)
LaTeX Font Info:    Try loading font information for C19+zhsong on input line 2
09.
 ("D:\Program Files(x86)\CTEX\MiKTeX\tex\latex\zhmetrics\c19zhsong.fd"
File: c19zhsong.fd 2009/09/23 4.8.2
)
LaTeX Font Info:    Font shape `OT1/ptm/bx/n' in size <24.09> not available
(Font)              Font shape `OT1/ptm/b/n' tried instead on input line 209.
LaTeX Font Info:    Font shape `OT1/ptm/bx/n' in size <14.05> not available
(Font)              Font shape `OT1/ptm/b/n' tried instead on input line 209.
LaTeX Font Info:    Try loading font information for OT1+txr on input line 209.


("D:\Program Files(x86)\CTEX\MiKTeX\tex\latex\txfonts\ot1txr.fd"
File: ot1txr.fd 2000/12/15 v3.1
)
LaTeX Font Info:    Try loading font information for U+txsya on input line 209.


("D:\Program Files(x86)\CTEX\MiKTeX\tex\latex\txfonts\utxsya.fd"
File: utxsya.fd 2000/12/15 v3.1
)
LaTeX Font Info:    Try loading font information for U+txsyb on input line 209.


("D:\Program Files(x86)\CTEX\MiKTeX\tex\latex\txfonts\utxsyb.fd"
File: utxsyb.fd 2000/12/15 v3.1
)
LaTeX Font Info:    Try loading font information for U+stmry on input line 209.


("D:\Program Files(x86)\CTEX\MiKTeX\tex\latex\stmaryrd\ustmry.fd")

LaTeX Font Warning: Font shape `U/stmry/m/n' in size <15.06> not available
(Font)              size <14.4> substituted on input line 209.

LaTeX Font Info:    Try loading font information for U+txmia on input line 209.

("D:\Program Files(x86)\CTEX\MiKTeX\tex\latex\txfonts\utxmia.fd"
File: utxmia.fd 2000/12/15 v3.1
)
LaTeX Font Info:    Try loading font information for U+txsyc on input line 209.


("D:\Program Files(x86)\CTEX\MiKTeX\tex\latex\txfonts\utxsyc.fd"
File: utxsyc.fd 2000/12/15 v3.1
)
LaTeX Font Info:    Try loading font information for U+rsfs on input line 209.

("D:\Program Files(x86)\CTEX\MiKTeX\tex\latex\jknappen\ursfs.fd"
File: ursfs.fd 1998/03/24 rsfs font definition file (jk)
)

LaTeX Font Warning: Font shape `U/rsfs/m/n' in size <15.06> not available
(Font)              size <14.4> substituted on input line 209.

LaTeX Font Info:    Try loading font information for C19+zhkai on input line 20
9.
("D:\Program Files(x86)\CTEX\MiKTeX\tex\latex\zhmetrics\c19zhkai.fd"
File: c19zhkai.fd 2009/09/23 4.8.2
) [1

]
[2

]
LaTeX Font Info:    Font shape `OT1/ptm/bx/n' in size <12.05> not available
(Font)              Font shape `OT1/ptm/b/n' tried instead on input line 212.
LaTeX Font Info:    Font shape `OT1/ptm/bx/n' in size <18.07> not available
(Font)              Font shape `OT1/ptm/b/n' tried instead on input line 212.
LaTeX Font Info:    Try loading font information for C19+zhhei on input line 21
2.
 ("D:\Program Files(x86)\CTEX\MiKTeX\tex\latex\zhmetrics\c19zhhei.fd"
File: c19zhhei.fd 2009/09/23 4.8.2
)
Package CJKpunct Info: punctuation spaces for family 'zhsong' do not exist. Use
 family 'def' instead. on input line 212.


LaTeX Font Warning: Font shape `U/stmry/m/n' in size <10.54> not available
(Font)              size <10.95> substituted on input line 212.


LaTeX Font Warning: Font shape `U/stmry/m/n' in size <7.53> not available
(Font)              size <8> substituted on input line 212.


LaTeX Font Warning: Font shape `U/rsfs/m/n' in size <10.54> not available
(Font)              size <10.95> substituted on input line 212.


LaTeX Font Warning: Font shape `U/rsfs/m/n' in size <7.53> not available
(Font)              size <8> substituted on input line 212.

[3


] [4


] [5

] [6


]
(D:\GitKraken\大论文\THESIS\Thesis\SUDAThesis_LaTeX\chapter\abstract.tex
Package CJKpunct Info: punctuation spaces for family 'zhhei' do not exist. Use 
family 'def' instead. on input line 36.

[1



]) [2]
(D:\GitKraken\大论文\THESIS\Thesis\SUDAThesis_LaTeX\chapter\englishabstract.
tex [3



]) [4]
(D:\GitKraken\大论文\THESIS\Thesis\SUDAThesis_LaTeX\MainFile.toc [5


])
\tf@toc=\write5

[6] (D:\GitKraken\大论文\THESIS\Thesis\SUDAThesis_LaTeX\chapter\chap01.tex
һ

Underfull \vbox (badness 1057) has occurred while \output is active []

 [1



]
LaTeX Font Info:    Try loading font information for C19+kai on input line 33.

("D:\Program Files(x86)\CTEX\CTeX\tex\latex\CJK\GB\c19kai.fd"
File: c19kai.fd 2009/09/23 4.8.2
) [2] [3] [4])
[5] (D:\GitKraken\大论文\THESIS\Thesis\SUDAThesis_LaTeX\chapter\chap02.tex
ڶ
[6



] [7]
File: ./figures/AQ_1_2_3.eps Graphic file (type eps)
 <./figures/AQ_1_2_3.eps>
LaTeX Font Info:    Calculating math sizes for size <10.5> on input line 60.


LaTeX Font Warning: Font shape `U/stmry/m/n' in size <10.5> not available
(Font)              size <10.95> substituted on input line 60.


LaTeX Font Warning: Font shape `U/rsfs/m/n' in size <10.5> not available
(Font)              size <10.95> substituted on input line 60.

[8]
Package CJKpunct Info: punctuation spaces for family 'zhkai' do not exist. Use 
family 'def' instead. on input line 92.
) [9]
(D:\GitKraken\大论文\THESIS\Thesis\SUDAThesis_LaTeX\chapter\chap03.tex

Missing character: There is no  in font txr!

Overfull \hbox (2.78848pt too wide) in paragraph at lines 12--23
\C19/rm/m/n/12.05/41  \C19/rm/m/n/12.05/43 $\OML/txmi/m/it/12.05 v[]; v[]; []
 ; v[]$|\C19/rm/m/n/12.05/26 | \C19/rm/m/n/12.05/52  \C19/rm/m/n/12.05/64 $\
OML/txmi/m/it/12.05 v[]; v[]; [] ; v[]$\C19/rm/m/n/12.05/43 $\OML/txmi/m/it/12
.05 u$\C19/rm/m/n/12.05/40  \C19/rm/m/n/12.05/56  \C19/rm/m/n/12.05/62 k \C19
/rm/m/n/12.05/49  \C19/rm/m/n/12.05/46  \C19/rm/m/n/12.05/40  :$\OML/txmi/m/
it/12.05 u[]; u[]; []; [] ; u[]; []$\C19/rm/m/n/12.05/60 /
 []

[10



]
Missing character: There is no  in font txr!


Package hyperref Warning: Token not allowed in a PDF string (PDFDocEncoding):
(hyperref)                removing `math shift' on input line 134.


Package hyperref Warning: Token not allowed in a PDF string (PDFDocEncoding):
(hyperref)                removing `subscript' on input line 134.


Package hyperref Warning: Token not allowed in a PDF string (PDFDocEncoding):
(hyperref)                removing `math shift' on input line 134.

[11]

Package hyperref Warning: Token not allowed in a PDF string (PDFDocEncoding):
(hyperref)                removing `math shift' on input line 153.


Package hyperref Warning: Token not allowed in a PDF string (PDFDocEncoding):
(hyperref)                removing `\leq' on input line 153.


Package hyperref Warning: Token not allowed in a PDF string (PDFDocEncoding):
(hyperref)                removing `\leq' on input line 153.


Package hyperref Warning: Token not allowed in a PDF string (PDFDocEncoding):
(hyperref)                removing `math shift' on input line 153.

[12]
LaTeX Font Info:    Try loading font information for OMS+ptm on input line 262.

 ("D:\Program Files(x86)\CTEX\MiKTeX\tex\latex\psnfss\omsptm.fd"
File: omsptm.fd 
)
LaTeX Font Info:    Font shape `OMS/ptm/m/n' in size <12.05> not available
(Font)              Font shape `OMS/cmsy/m/n' tried instead on input line 262.
File: ./figures/K_1_1.eps Graphic file (type eps)

<./figures/K_1_1.eps>
Overfull \hbox (9.02101pt too wide) in paragraph at lines 275--275
 [][] 
 []

File: ./figures/K_1_2.eps Graphic file (type eps)
<./figures/K_1_2.eps>
Overfull \hbox (9.02101pt too wide) in paragraph at lines 281--281
 [][] 
 []


Package hyperref Warning: Token not allowed in a PDF string (PDFDocEncoding):
(hyperref)                removing `math shift' on input line 309.


Package hyperref Warning: Token not allowed in a PDF string (PDFDocEncoding):
(hyperref)                removing `\leq' on input line 309.


Package hyperref Warning: Token not allowed in a PDF string (PDFDocEncoding):
(hyperref)                removing `\leq' on input line 309.


Package hyperref Warning: Token not allowed in a PDF string (PDFDocEncoding):
(hyperref)                removing `math shift' on input line 309.

[13] [14] [15]
File: ./figures/K_1_5.eps Graphic file (type eps)
 <./figures/K_1_5.eps> [16] [17]

Package hyperref Warning: Token not allowed in a PDF string (PDFDocEncoding):
(hyperref)                removing `math shift' on input line 526.


Package hyperref Warning: Token not allowed in a PDF string (PDFDocEncoding):
(hyperref)                removing `subscript' on input line 526.


Package hyperref Warning: Token not allowed in a PDF string (PDFDocEncoding):
(hyperref)                removing `math shift' on input line 526.


Overfull \hbox (1.29874pt too wide) in paragraph at lines 528--529
[]\C19/rm/m/n/12.05/55 $\OML/txmi/m/it/12.05 u$\C19/rm/m/n/12.05/55 $\OML/txm
i/m/it/12.05 AQ[]$\C19/rm/m/n/12.05/64  \C19/rm/m/n/12.05/40  \C19/rm/m/n/12.
05/54 ? \C19/rm/m/n/12.05/61   \C19/rm/m/n/12.05/42  \C19/rm/m/n/12.05/40  
:|\C19/rm/m/n/12.05/26 | \C19/rm/m/n/12.05/42  \C19/rm/m/n/12.05/46  \C19/rm
/m/n/12.05/48 * \C19/rm/m/n/12.05/63  \C19/rm/m/n/12.05/48  \C19/rm/m/n/12.05
/41  \C19/rm/m/n/12.05/57 N \C19/rm/m/n/12.05/40   \C19/rm/m/n/12.05/61 |\C
19/rm/m/n/12.05/26 | $\OT1/txr/m/n/12.05 ([]\OML/txmi/m/it/12.05 ; u[]\OT1/txr
/m/n/12.05 ) \OMS/txsy/m/n/12.05 2 \OML/txmi/m/it/12.05 E\OT1/txr/m/n/12.05 (\O
ML/txmi/m/it/12.05 AQ\OT1/txr/m/n/12.05 )$\C19/rm/m/n/12.05/43 $\OT1/txr/m/n/1
2.05 (\OML/txmi/m/it/12.05 u[]; []\OT1/txr/m/n/12.05 )[] 
 []

[18]
Overfull \hbox (2.95935pt too wide) in paragraph at lines 530--532
[]\C19/rm/m/n/12.05/61  \C19/rm/m/n/12.05/58 $\OML/txmi/m/it/12.05 P[]\OT1/tx
r/m/n/12.05 (\OML/txmi/m/it/12.05 P[]\OT1/txr/m/n/12.05 )$\C19/rm/m/n/12.05/57 
 \C19/rm/m/n/12.05/43  \C19/rm/m/n/12.05/62 u$\OML/txmi/m/it/12.05 K[]\OT1/tx
r/m/n/12.05 (\OML/txmi/m/it/12.05 K[]\OT1/txr/m/n/12.05 )$\C19/rm/m/n/12.05/37 
 \C19/rm/m/n/12.05/53  \C19/rm/m/n/12.05/58  \C19/rm/m/n/12.05/50  \C19/rm/
m/n/12.05/61  \C19/rm/m/n/12.05/46  \C19/rm/m/n/12.05/63 3[][]\OT1/ptm/m/n/12
.05 3.2.1[][]\C19/rm/m/n/12.05/64  \C19/rm/m/n/12.05/42  \C19/rm/m/n/12.05/38
  \C19/rm/m/n/12.05/49 
$\OML/txmi/m/it/12.05 \OT1/txr/m/n/12.05 (\OML/txmi/m/it/12.05 AQ[]; K[]\OT1/t
xr/m/n/12.05 )(\OML/txmi/m/it/12.05 \OT1/txr/m/n/12.05 (\OML/txmi/m/it/12.05 A
Q[]; K[]\OT1/txr/m/n/12.05 ))$ 
 []

[19]

Package hyperref Warning: Token not allowed in a PDF string (PDFDocEncoding):
(hyperref)                removing `math shift' on input line 632.


Package hyperref Warning: Token not allowed in a PDF string (PDFDocEncoding):
(hyperref)                removing `subscript' on input line 632.


Package hyperref Warning: Token not allowed in a PDF string (PDFDocEncoding):
(hyperref)                removing `math shift' on input line 632.


Package hyperref Warning: Token not allowed in a PDF string (PDFDocEncoding):
(hyperref)                removing `math shift' on input line 636.


Package hyperref Warning: Token not allowed in a PDF string (PDFDocEncoding):
(hyperref)                removing `\kappa' on input line 636.


Package hyperref Warning: Token not allowed in a PDF string (PDFDocEncoding):
(hyperref)                removing `superscript' on input line 636.


Package hyperref Warning: Token not allowed in a PDF string (PDFDocEncoding):
(hyperref)                removing `subscript' on input line 636.


Package hyperref Warning: Token not allowed in a PDF string (PDFDocEncoding):
(hyperref)                removing `subscript' on input line 636.


Package hyperref Warning: Token not allowed in a PDF string (PDFDocEncoding):
(hyperref)                \hskip 12.05pt
(hyperref)                replaced by space on input line 636.


Package hyperref Warning: Token not allowed in a PDF string (PDFDocEncoding):
(hyperref)                removing `\leq' on input line 636.


Package hyperref Warning: Token not allowed in a PDF string (PDFDocEncoding):
(hyperref)                removing `\leq' on input line 636.


Package hyperref Warning: Token not allowed in a PDF string (PDFDocEncoding):
(hyperref)                removing `math shift' on input line 636.


Underfull \hbox (badness 10000) in paragraph at lines 657--658

 []


Package hyperref Warning: Token not allowed in a PDF string (PDFDocEncoding):
(hyperref)                removing `math shift' on input line 662.


Package hyperref Warning: Token not allowed in a PDF string (PDFDocEncoding):
(hyperref)                removing `\kappa' on input line 662.


Package hyperref Warning: Token not allowed in a PDF string (PDFDocEncoding):
(hyperref)                removing `subscript' on input line 662.


Package hyperref Warning: Token not allowed in a PDF string (PDFDocEncoding):
(hyperref)                removing `subscript' on input line 662.


Package hyperref Warning: Token not allowed in a PDF string (PDFDocEncoding):
(hyperref)                removing `math shift' on input line 662.

[20] [21] [22]

Package hyperref Warning: Token not allowed in a PDF string (PDFDocEncoding):
(hyperref)                removing `math shift' on input line 768.


Package hyperref Warning: Token not allowed in a PDF string (PDFDocEncoding):
(hyperref)                removing `\kappa' on input line 768.


Package hyperref Warning: Token not allowed in a PDF string (PDFDocEncoding):
(hyperref)                removing `subscript' on input line 768.


Package hyperref Warning: Token not allowed in a PDF string (PDFDocEncoding):
(hyperref)                removing `subscript' on input line 768.


Package hyperref Warning: Token not allowed in a PDF string (PDFDocEncoding):
(hyperref)                \hskip 12.05pt
(hyperref)                replaced by space on input line 768.


Package hyperref Warning: Token not allowed in a PDF string (PDFDocEncoding):
(hyperref)                removing `\leq' on input line 768.


Package hyperref Warning: Token not allowed in a PDF string (PDFDocEncoding):
(hyperref)                removing `\leq' on input line 768.


Package hyperref Warning: Token not allowed in a PDF string (PDFDocEncoding):
(hyperref)                removing `math shift' on input line 768.

[23]
Underfull \hbox (badness 10000) in paragraph at lines 846--872

 []


Underfull \hbox (badness 10000) in paragraph at lines 846--872

 []

[24]
File: ./figures/C_5.eps Graphic file (type eps)
 <./figures/C_5.eps> [25] [26]

Package hyperref Warning: Token not allowed in a PDF string (PDFDocEncoding):
(hyperref)                removing `math shift' on input line 1095.


Package hyperref Warning: Token not allowed in a PDF string (PDFDocEncoding):
(hyperref)                removing `subscript' on input line 1095.


Package hyperref Warning: Token not allowed in a PDF string (PDFDocEncoding):
(hyperref)                removing `math shift' on input line 1095.


Package hyperref Warning: Token not allowed in a PDF string (PDFDocEncoding):
(hyperref)                removing `math shift' on input line 1100.


Package hyperref Warning: Token not allowed in a PDF string (PDFDocEncoding):
(hyperref)                removing `subscript' on input line 1100.


Package hyperref Warning: Token not allowed in a PDF string (PDFDocEncoding):
(hyperref)                removing `math shift' on input line 1100.

LaTeX Font Info:    Font shape `OT1/ptm/bx/n' in size <9.03> not available
(Font)              Font shape `OT1/ptm/b/n' tried instead on input line 1109.
LaTeX Font Info:    Font shape `OT1/ptm/bx/n' in size <10.54> not available
(Font)              Font shape `OT1/ptm/b/n' tried instead on input line 1109.
LaTeX Font Info:    Try loading font information for OT1+pcr on input line 1109
.
("D:\Program Files(x86)\CTEX\MiKTeX\tex\latex\psnfss\ot1pcr.fd"
File: ot1pcr.fd 2001/06/04 font definitions for OT1/pcr.
)
Package hyperref Info: bookmark level for unknown algorithm defaults to 0 on in
put line 1109.
 [27] [28]
[29] [30]
Overfull \hbox (5.38385pt too wide) in paragraph at lines 1334--1335
[][]\C19/rm/bx/n/12.05/40  \C19/rm/bx/n/12.05/48 n \OT1/ptm/b/n/12.05 3.10. []
\C19/rm/m/it/12.05/40  \C19/kai/bx/n/12.05/43  \C19/rm/m/it/12.05/63  \C19/r
m/m/it/12.05/40  : \C19/rm/m/it/12.05/45 8$\OML/txmi/m/it/12.05 F$\C19/kai/bx/
n/12.05/49  \C19/rm/m/it/12.05/65 v$\OMS/txsy/m/n/12.05 j\OML/txmi/m/it/12.05 
F\OMS/txsy/m/n/12.05 j  \OT1/txr/m/n/12.05 7 \OMS/txsy/m/n/12.05  d[]e   \OT1
/txr/m/n/12.05 1$\C19/rm/m/it/12.05/55 |\C19/rm/m/it/12.05/26 | \C19/rm/m/it/
12.05/55 $\OML/txmi/m/it/12.05 m \OT1/txr/m/n/12.05 = \OMS/txsy/m/n/12.05 d[][
]j\OML/txmi/m/it/12.05 F\OMS/txsy/m/n/12.05 je$|\C19/rm/m/it/12.05/26 | \C19/k
ai/bx/n/12.05/56  \C19/rm/m/it/12.05/41 {\OT1/ptm/m/it/12.05 AQFRouting\C19/ka
i/bx/n/12.05/56 
 []

[31] [32]
File: ./figures/time-diagram.eps Graphic file (type eps)
 <./figures/time-diagram.eps>
File: ./figures/length-diagram.eps Graphic file (type eps)
 <./figures/length-diagram.eps> [33]
Missing character: There is no  in font txr!

Underfull \hbox (badness 10000) in paragraph at lines 1443--1449

 []


Underfull \hbox (badness 10000) in paragraph at lines 1451--1454

 []

[34]
Underfull \hbox (badness 10000) in paragraph at lines 1455--1458

 []


Underfull \hbox (badness 10000) in paragraph at lines 1459--1464

 []

) [35]
(D:\GitKraken\大论文\THESIS\Thesis\SUDAThesis_LaTeX\chapter\chap04.tex


Package hyperref Warning: Token not allowed in a PDF string (PDFDocEncoding):
(hyperref)                removing `math shift' on input line 1.


Package hyperref Warning: Token not allowed in a PDF string (PDFDocEncoding):
(hyperref)                removing `math shift' on input line 1.


LaTeX Font Warning: Font shape `U/stmry/m/n' in size <18.07> not available
(Font)              size <17.28> substituted on input line 1.


LaTeX Font Warning: Font shape `U/rsfs/m/n' in size <18.07> not available
(Font)              size <17.28> substituted on input line 1.

[36



]

Package hyperref Warning: Token not allowed in a PDF string (PDFDocEncoding):
(hyperref)                removing `math shift' on input line 143.


Package hyperref Warning: Token not allowed in a PDF string (PDFDocEncoding):
(hyperref)                removing `superscript' on input line 143.


Package hyperref Warning: Token not allowed in a PDF string (PDFDocEncoding):
(hyperref)                removing `math shift' on input line 143.


Package hyperref Warning: Token not allowed in a PDF string (PDFDocEncoding):
(hyperref)                removing `math shift' on input line 143.


Package hyperref Warning: Token not allowed in a PDF string (PDFDocEncoding):
(hyperref)                removing `math shift' on input line 143.

File: ./figures/MM.eps Graphic file (type eps)
<./figures/MM.eps> [37]
File: ./figures/F_1andF_2-extra-sets.eps Graphic file (type eps)
 <./figures/F_1andF_2-extra-sets.eps>
Overfull \hbox (1.72403pt too wide) in paragraph at lines 221--222
[]\C19/rm/m/n/12.05/58  \C19/rm/m/n/12.05/50  \C19/rm/m/n/12.05/45  \C19/rm/
m/n/12.05/57  \C19/rm/m/n/12.05/43 L \C19/rm/m/n/12.05/41  \C19/rm/m/n/12.05/
64 y \C19/rm/m/n/12.05/41 { \C19/rm/m/n/12.05/48 5 \C19/rm/m/n/12.05/64 y \C19/
rm/m/n/12.05/50 $\OML/txmi/m/it/12.05 t[]\OT1/txr/m/n/12.05 (\OML/txmi/m/it/12
.05 AQ[]\OT1/txr/m/n/12.05 ) \OMS/txsy/m/n/12.05  \OT1/txr/m/n/12.05 6\OML/txm
i/m/it/12.05 n \OMS/txsy/m/n/12.05   \OT1/txr/m/n/12.05 15$|\C19/rm/m/n/12.05/2
5 "| \C19/rm/m/n/12.05/45 b \C19/rm/m/n/12.05/55 $\OML/txmi/m/it/12.05 t[]\OT1
/txr/m/n/12.05 (\OML/txmi/m/it/12.05 AQ[]\OT1/txr/m/n/12.05 ) \OMS/txsy/m/n/12.
05  \OT1/txr/m/n/12.05 6\OML/txmi/m/it/12.05 n \OMS/txsy/m/n/12.05   \OT1/txr/
m/n/12.05 16$|\C19/rm/m/n/12.05/25 "| \C19/rm/m/n/12.05/55 $\OML/txmi/m/it/12.
05 F[]$\C19/rm/m/n/12.05/43 $\OML/txmi/m/it/12.05 F[]$\C19/rm/m/n/12.05/55 
 []

[38]
Underfull \vbox (badness 2990) has occurred while \output is active []

 [39]
Underfull \vbox (badness 1931) has occurred while \output is active []

 [40]

LaTeX Warning: Reference `extra diagnosability definition' on page 41 undefined
 on input line 271.


LaTeX Warning: Reference `extra diagnosability definition' on page 41 undefined
 on input line 271.

File: ./figures/a-big-compoent-with-at-last-4-vertices.eps Graphic file (type e
ps)
<./figures/a-big-compoent-with-at-last-4-vertices.eps>

Package hyperref Warning: Token not allowed in a PDF string (PDFDocEncoding):
(hyperref)                removing `math shift' on input line 292.


Package hyperref Warning: Token not allowed in a PDF string (PDFDocEncoding):
(hyperref)                removing `superscript' on input line 292.


Package hyperref Warning: Token not allowed in a PDF string (PDFDocEncoding):
(hyperref)                removing `math shift' on input line 292.

[41]
Overfull \hbox (7.15013pt too wide) in paragraph at lines 320--321
[][]\C19/rm/bx/n/12.05/61  \C19/rm/bx/n/12.05/48 n \OT1/ptm/b/n/12.05 4.10. []
\C19/rm/m/it/12.05/40 $\OML/txmi/m/it/12.05 n \OMS/txsy/m/n/12.05  \OT1/txr/m
/n/12.05 4$\C19/kai/bx/n/12.05/55 |\C19/rm/m/it/12.05/26 | \C19/kai/bx/n/12.0
5/55 $\OML/txmi/m/it/12.05 x; y; s; t; u; v; m$\C19/kai/bx/n/12.05/55 $\OML/t
xmi/m/it/12.05 AQ[]$\C19/rm/m/it/12.05/64  \C19/rm/m/it/12.05/40 \OT1/ptm/m/i
t/12.05 7\C19/rm/m/it/12.05/42  \C19/rm/m/it/12.05/40  :|\C19/rm/m/it/12.05/2
6 | \C19/kai/bx/n/12.05/54 X \C19/kai/bx/n/12.05/43 J$\OML/txmi/m/it/12.05 AQ[
]$\C19/rm/m/it/12.05/63 3$\OML/txmi/m/it/12.05 x; y; s; t; u; v; m$\C19/rm/m/it
/12.05/36 
 []


Overfull \hbox (0.72618pt too wide) in paragraph at lines 325--326
[]\C19/rm/m/n/12.05/55 $\OT1/txr/m/n/12.05 (\OML/txmi/m/it/12.05 x; y\OT1/txr/
m/n/12.05 )$|\C19/rm/m/n/12.05/26 | $\OT1/txr/m/n/12.05 (\OML/txmi/m/it/12.05 
s; t\OT1/txr/m/n/12.05 )$\C19/rm/m/n/12.05/43 $\OT1/txr/m/n/12.05 (\OML/txmi/m
/it/12.05 u; v\OT1/txr/m/n/12.05 )$\C19/rm/m/n/12.05/55 $\OML/txmi/m/it/12.05 
AQ[] \OT1/txr/m/n/12.05 = \OML/txmi/m/it/12.05 L [] R$\C19/rm/m/n/12.05/64  \C
19/rm/m/n/12.05/40 \OT1/ptm/m/n/12.05 3\C19/rm/m/n/12.05/42  \C19/rm/m/n/12.0
5/37  \C19/rm/m/n/12.05/40 |\C19/rm/m/n/12.05/26 | \C19/rm/m/n/12.05/52  \C
19/rm/m/n/12.05/64 $\OML/txmi/m/it/12.05 L \U/txsyc/m/n/12.05  \OML/txmi/m/it
/12.05 AQ[]$|\C19/rm/m/n/12.05/26 | $\OML/txmi/m/it/12.05 R \U/txsyc/m/n/12.05
  \OML/txmi/m/it/12.05 AQ[]$|\C19/rm/m/n/12.05/25 "|
 []

[42] [43] [44] [45]
Overfull \hbox (5.53784pt too wide) in paragraph at lines 440--441
[]\C19/rm/m/n/12.05/37  \C19/rm/m/n/12.05/55  \C19/rm/m/n/12.05/61  \C19/rm/
m/n/12.05/36  \C19/rm/m/n/12.05/60 5|\C19/rm/m/n/12.05/26 | \C19/rm/m/n/12.05
/45 b \C19/rm/m/n/12.05/55  \C19/rm/m/n/12.05/40  :$\OML/txmi/m/it/12.05 v$\C
19/rm/m/n/12.05/39  \C19/rm/m/n/12.05/63 3 \C19/rm/m/n/12.05/61  \C19/rm/m/n/
12.05/42  \C19/rm/m/n/12.05/49  \C19/rm/m/n/12.05/46  \C19/rm/m/n/12.05/40 
 :|\C19/rm/m/n/12.05/26 | \C19/rm/m/n/12.05/42 T \C19/rm/m/n/12.05/49  \C19/r
m/m/n/12.05/46  \C19/rm/m/n/12.05/40  : \C19/rm/m/n/12.05/55  \C19/rm/m/n/12
.05/62 u$\OML/txmi/m/it/12.05 L \OMS/txsy/m/n/12.05   \OML/txmi/m/it/12.05 S[] 
\OMS/txsy/m/n/12.05   f\OML/txmi/m/it/12.05 x; y; s; t; u; v\OMS/txsy/m/n/12.05
 g$|\C19/rm/m/n/12.05/25 "|
 []

[46] [47] [48] [49]
File: ./figures/result1.eps Graphic file (type eps)
 <./figures/result1.eps>
File: ./figures/result2.eps Graphic file (type eps)
 <./figures/result2.eps>
File: ./figures/result3.eps Graphic file (type eps)

<./figures/result3.eps>
Underfull \vbox (badness 4467) has occurred while \output is active []

 [50]
File: ./figures/result4.eps Graphic file (type eps)

<./figures/result4.eps> [51]
File: ./figures/result5.eps Graphic file (type eps)
 <./figures/result5.eps>
File: ./figures/AQ-EXTRA-DIAG-time-diagram.eps Graphic file (type eps)

<./figures/AQ-EXTRA-DIAG-time-diagram.eps>) [52] [53]
(D:\GitKraken\大论文\THESIS\Thesis\SUDAThesis_LaTeX\chapter\chap05.tex

Missing character: There is no  in font txr!

Underfull \hbox (badness 10000) in paragraph at lines 16--22

 []


Underfull \hbox (badness 10000) in paragraph at lines 24--27

 []


Underfull \hbox (badness 10000) in paragraph at lines 28--31

 []


Underfull \hbox (badness 10000) in paragraph at lines 32--37

 []

[54



]) [55] (D:\GitKraken\大论文\THESIS\Thesis\SUDAThesis_LaTeX\MainFile.bbl
[56



] [57] [58] [59]) [60]
(D:\GitKraken\大论文\THESIS\Thesis\SUDAThesis_LaTeX\chapter\pub.tex

LaTeX Warning: Empty `publications' environment on input line 2.

) [61


]
(D:\GitKraken\大论文\THESIS\Thesis\SUDAThesis_LaTeX\chapter\thanks.tex

Package hyperref Warning: Token not allowed in a PDF string (PDFDocEncoding):
(hyperref)                \hskip 12.05pt
(hyperref)                replaced by space on input line 1.


Package hyperref Warning: Token not allowed in a PDF string (PDFDocEncoding):
(hyperref)                \hskip 12.05pt
(hyperref)                replaced by space on input line 1.

) [62



]
Package atveryend Info: Empty hook `BeforeClearDocument' on input line 293.
Package atveryend Info: Empty hook `AfterLastShipout' on input line 293.
 (D:\GitKraken\大论文\THESIS\Thesis\SUDAThesis_LaTeX\MainFile.aux
(D:\GitKraken\大论文\THESIS\Thesis\SUDAThesis_LaTeX\chapter\abstract.aux)
(D:\GitKraken\大论文\THESIS\Thesis\SUDAThesis_LaTeX\chapter\englishabstract.
aux) (D:\GitKraken\大论文\THESIS\Thesis\SUDAThesis_LaTeX\chapter\chap01.aux)
(D:\GitKraken\大论文\THESIS\Thesis\SUDAThesis_LaTeX\chapter\chap02.aux)
(D:\GitKraken\大论文\THESIS\Thesis\SUDAThesis_LaTeX\chapter\chap03.aux)
(D:\GitKraken\大论文\THESIS\Thesis\SUDAThesis_LaTeX\chapter\chap04.aux)
(D:\GitKraken\大论文\THESIS\Thesis\SUDAThesis_LaTeX\chapter\chap05.aux)
(D:\GitKraken\大论文\THESIS\Thesis\SUDAThesis_LaTeX\chapter\pub.aux)
(D:\GitKraken\大论文\THESIS\Thesis\SUDAThesis_LaTeX\chapter\thanks.aux))
Package atveryend Info: Empty hook `AtVeryEndDocument' on input line 293.
Package atveryend Info: Executing hook `AtEndAfterFileList' on input line 293.


Package rerunfilecheck Warning: File `MainFile.out' has changed.
(rerunfilecheck)                Rerun to get outlines right
(rerunfilecheck)                or use package `bookmark'.

Package rerunfilecheck Info: Checksums for `MainFile.out':
(rerunfilecheck)             Before: E1CB19B572EF266605E723BDD4E813D5;6599
(rerunfilecheck)             After:  60D93CE6E9448F04880F1F1534D42867;2742.

LaTeX Font Warning: Size substitutions with differences
(Font)              up to 0.79001pt have occurred.


LaTeX Warning: There were undefined references.


LaTeX Warning: There were multiply-defined labels.

 )
(\end occurred when \iffalse on line 73 was incomplete) 
Here is how much of TeX's memory you used:
 20584 strings out of 495355
 334746 string characters out of 3182817
 393582 words of memory out of 3000000
 23131 multiletter control sequences out of 15000+200000
 182905 words of font info for 598 fonts, out of 3000000 for 9000
 14 hyphenation exceptions out of 8191
 40i,15n,51p,1479b,1302s stack positions out of 5000i,500n,10000p,200000b,50000s

Output written on MainFile.dvi (74 pages, 376484 bytes).
