\BOOKMARK [0][]{chapter.1}{\376\377\173\054\116\000\172\340\000\040\000\040\176\352\213\272}{}% 1
\BOOKMARK [1][]{section.1.1}{\376\377\000\061\000\056\000\061\000\040\170\024\172\166\200\314\146\157}{chapter.1}% 2
\BOOKMARK [1][]{section.1.2}{\376\377\000\061\000\056\000\062\000\040\170\024\172\166\163\260\162\266\123\312\170\024\172\166\141\017\116\111}{chapter.1}% 3
\BOOKMARK [2][]{subsection.1.2.1}{\376\377\000\061\000\056\000\062\000\056\000\061\000\040\217\336\220\032\136\246}{section.1.2}% 4
\BOOKMARK [2][]{subsection.1.2.2}{\376\377\000\061\000\056\000\062\000\056\000\062\000\040\213\312\145\255}{section.1.2}% 5
\BOOKMARK [1][]{section.1.3}{\376\377\000\061\000\056\000\063\000\040\170\024\172\166\121\205\133\271}{chapter.1}% 6
\BOOKMARK [1][]{section.1.4}{\376\377\000\061\000\056\000\064\000\040\145\207\172\340\176\304\176\307\176\323\147\204}{chapter.1}% 7
\BOOKMARK [0][]{chapter.2}{\376\377\173\054\116\214\172\340\000\040\000\040\166\370\121\163\167\345\213\306}{}% 8
\BOOKMARK [1][]{section.2.1}{\376\377\000\062\000\056\000\061\000\040\127\372\147\054\133\232\116\111\124\214\173\046\123\367\210\150\171\072}{chapter.2}% 9
\BOOKMARK [1][]{section.2.2}{\376\377\000\062\000\056\000\062\000\040\142\151\134\125\172\313\145\271\117\123\166\204\133\232\116\111\123\312\121\166\140\047\215\050}{chapter.2}% 10
\BOOKMARK [2][]{subsection.2.2.1}{\376\377\000\062\000\056\000\062\000\056\000\061\000\040\142\151\134\125\172\313\145\271\117\123\166\204\133\232\116\111}{section.2.2}% 11
\BOOKMARK [2][]{subsection.2.2.2}{\376\377\000\062\000\056\000\062\000\056\000\062\000\040\142\151\134\125\172\313\145\271\117\123\166\204\140\047\215\050}{section.2.2}% 12
\BOOKMARK [1][]{section.2.3}{\376\377\000\062\000\056\000\063\000\040\147\054\172\340\134\017\176\323}{chapter.2}% 13
\BOOKMARK [0][]{chapter.3}{\376\377\173\054\116\011\172\340\000\040\000\040\142\151\134\125\172\313\145\271\117\123\166\204\176\323\147\204\217\336\220\032\136\246\124\214\133\120\176\323\147\204\217\336\220\032\136\246}{}% 14
\BOOKMARK [1][]{section.3.1}{\376\377\000\063\000\056\000\061\000\040\230\204\131\007\167\345\213\306}{chapter.3}% 15
\BOOKMARK [1][]{section.3.2}{\376\377\000\063\000\056\000\062\000\040\142\151\134\125\172\313\145\271\117\123\166\204\000\113\000\061\000\054\000\115\000\055\176\323\147\204\217\336\220\032\136\246\124\214\133\120\176\323\147\204\217\336\220\032\136\246}{chapter.3}% 16
\BOOKMARK [1][]{section.3.3}{\376\377\000\063\000\056\000\063\000\040\142\151\134\125\172\313\145\271\117\123\166\204\000\120\000\114\000\055\176\323\147\204\217\336\220\032\136\246\124\214\133\120\176\323\147\204\217\336\220\032\136\246}{chapter.3}% 17
\BOOKMARK [1][]{section.3.4}{\376\377\000\063\000\056\000\064\000\040\142\151\134\125\172\313\145\271\117\123\166\204\000\103\000\116\000\055\176\323\147\204\217\336\220\032\136\246\124\214\133\120\176\323\147\204\217\336\220\032\136\246}{chapter.3}% 18
\BOOKMARK [1][]{section.3.5}{\376\377\000\063\000\056\000\065\000\040\142\151\134\125\172\313\145\271\117\123\166\204\133\271\225\031\200\375\122\233\122\006\147\220}{chapter.3}% 19
\BOOKMARK [1][]{section.3.6}{\376\377\000\063\000\056\000\066\000\040\000\113\000\061\000\054\000\115\000\055\133\120\176\323\147\204\217\336\220\032\136\246\116\013\166\204\133\271\225\031\215\357\165\061\173\227\154\325}{chapter.3}% 20
\BOOKMARK [1][]{section.3.7}{\376\377\000\063\000\056\000\067\000\040\152\041\142\337\133\236\232\214}{chapter.3}% 21
\BOOKMARK [1][]{section.3.8}{\376\377\000\063\000\056\000\070\000\040\147\054\172\340\134\017\176\323}{chapter.3}% 22
\BOOKMARK [0][]{chapter.4}{\376\377\173\054\126\333\172\340\000\040\000\040\142\151\134\125\172\313\145\271\117\123\166\204\000\062\000\055\230\235\131\026\213\312\145\255\136\246\124\214\213\312\145\255\173\227\154\325}{}% 23
\BOOKMARK [1][]{section.4.1}{\376\377\000\064\000\056\000\061\000\040\230\204\131\007\167\345\213\306}{chapter.4}% 24
\BOOKMARK [1][]{section.4.2}{\376\377\000\064\000\056\000\062\000\040\142\151\134\125\172\313\145\271\117\123\127\050\000\115\000\115\000\052\152\041\127\213\116\013\166\204\000\062\000\055\230\235\131\026\213\312\145\255\136\246}{chapter.4}% 25
\BOOKMARK [1][]{section.4.3}{\376\377\000\064\000\056\000\063\000\040\142\151\134\125\172\313\145\271\117\123\127\050\000\115\000\115\000\052\152\041\127\213\116\013\166\204\213\312\145\255\173\227\154\325}{chapter.4}% 26
\BOOKMARK [1][]{section.4.4}{\376\377\000\064\000\056\000\064\000\040\152\041\142\337\133\236\232\214}{chapter.4}% 27
\BOOKMARK [1][]{section.4.5}{\376\377\000\064\000\056\000\065\000\040\147\054\172\340\134\017\176\323}{chapter.4}% 28
\BOOKMARK [0][]{chapter.5}{\376\377\173\054\116\224\172\340\000\040\000\040\140\073\176\323\116\016\134\125\147\033}{}% 29
\BOOKMARK [1][]{section.5.1}{\376\377\000\065\000\056\000\061\000\040\140\073\176\323}{chapter.5}% 30
\BOOKMARK [1][]{section.5.2}{\376\377\000\065\000\056\000\062\000\040\134\125\147\033}{chapter.5}% 31
\BOOKMARK [0][]{chapter*.4}{\376\377\123\302\200\003\145\207\163\056}{}% 32
\BOOKMARK [0][]{chapter*.5}{\376\377\145\073\213\373\170\125\130\353\133\146\117\115\147\037\225\364\123\321\210\150\166\204\213\272\145\207\124\214\123\302\116\016\166\204\171\321\170\024\230\171\166\356}{}% 33
\BOOKMARK [0][]{chapter*.6}{\376\377\201\364\000\040\000\040\214\042}{}% 34
