This is pdfTeX, Version 3.1415926-2.3-1.40.12 (MiKTeX 2.9) (preloaded format=pdflatex 2018.9.18)  24 DEC 2020 17:19
entering extended mode
**diagnosability.tex

(D:\GitKraken\Thesis\Á¨¨‰∫å‰∏™ÁÇπÔºàÈ¢ùÂ§ñËøûÈÄöÂ∫¶ÂíåËØäÊñ≠Â∫¶Ôºâ\diagnosabili
ty.tex
LaTeX2e <2011/06/27>
Babel <v3.8m> and hyphenation patterns for loaded.
("D:\Program Files(x86)\CTEX\MiKTeX\tex\latex\base\article.cls"
Document Class: article 2007/10/19 v1.4h Standard LaTeX document class
("D:\Program Files(x86)\CTEX\MiKTeX\tex\latex\base\size10.clo"
File: size10.clo 2007/10/19 v1.4h Standard LaTeX file (size option)
)
\c@part=\count79
\c@section=\count80
\c@subsection=\count81
\c@subsubsection=\count82
\c@paragraph=\count83
\c@subparagraph=\count84
\c@figure=\count85
\c@table=\count86
\abovecaptionskip=\skip41
\belowcaptionskip=\skip42
\bibindent=\dimen102
)
("D:\Program Files(x86)\CTEX\MiKTeX\tex\latex\cjk\CJK.sty"
Package: CJK 2008/12/29 4.8.2

("D:\Program Files(x86)\CTEX\MiKTeX\tex\latex\cjk\mule\MULEenc.sty"
Package: MULEenc 2008/12/29 4.8.2
)
("D:\Program Files(x86)\CTEX\MiKTeX\tex\latex\cjk\CJK.enc"
File: CJK.enc 2008/12/29 4.8.2
)
LaTeX Info: Redefining \selectfont on input line 756.
\CJK@indent=\box26
)
("D:\Program Files(x86)\CTEX\MiKTeX\tex\latex\ams\classes\amsthm.sty"
Package: amsthm 2004/08/06 v2.20
\thm@style=\toks14
\thm@bodyfont=\toks15
\thm@headfont=\toks16
\thm@notefont=\toks17
\thm@headpunct=\toks18
\thm@preskip=\skip43
\thm@postskip=\skip44
\thm@headsep=\skip45
\dth@everypar=\toks19
)
("D:\Program Files(x86)\CTEX\MiKTeX\tex\latex\ams\math\amsmath.sty"
Package: amsmath 2000/07/18 v2.13 AMS math features
\@mathmargin=\skip46

For additional information on amsmath, use the `?' option.
("D:\Program Files(x86)\CTEX\MiKTeX\tex\latex\ams\math\amstext.sty"
Package: amstext 2000/06/29 v2.01

("D:\Program Files(x86)\CTEX\MiKTeX\tex\latex\ams\math\amsgen.sty"
File: amsgen.sty 1999/11/30 v2.0
\@emptytoks=\toks20
\ex@=\dimen103
))
("D:\Program Files(x86)\CTEX\MiKTeX\tex\latex\ams\math\amsbsy.sty"
Package: amsbsy 1999/11/29 v1.2d
\pmbraise@=\dimen104
)
("D:\Program Files(x86)\CTEX\MiKTeX\tex\latex\ams\math\amsopn.sty"
Package: amsopn 1999/12/14 v2.01 operator names
)
\inf@bad=\count87
LaTeX Info: Redefining \frac on input line 211.
\uproot@=\count88
\leftroot@=\count89
LaTeX Info: Redefining \overline on input line 307.
\classnum@=\count90
\DOTSCASE@=\count91
LaTeX Info: Redefining \ldots on input line 379.
LaTeX Info: Redefining \dots on input line 382.
LaTeX Info: Redefining \cdots on input line 467.
\Mathstrutbox@=\box27
\strutbox@=\box28
\big@size=\dimen105
LaTeX Font Info:    Redeclaring font encoding OML on input line 567.
LaTeX Font Info:    Redeclaring font encoding OMS on input line 568.
\macc@depth=\count92
\c@MaxMatrixCols=\count93
\dotsspace@=\muskip10
\c@parentequation=\count94
\dspbrk@lvl=\count95
\tag@help=\toks21
\row@=\count96
\column@=\count97
\maxfields@=\count98
\andhelp@=\toks22
\eqnshift@=\dimen106
\alignsep@=\dimen107
\tagshift@=\dimen108
\tagwidth@=\dimen109
\totwidth@=\dimen110
\lineht@=\dimen111
\@envbody=\toks23
\multlinegap=\skip47
\multlinetaggap=\skip48
\mathdisplay@stack=\toks24
LaTeX Info: Redefining \[ on input line 2666.
LaTeX Info: Redefining \] on input line 2667.
)
("D:\Program Files(x86)\CTEX\MiKTeX\tex\latex\algorithms\algorithm.sty"
Package: algorithm 2009/08/24 v0.1 Document Style `algorithm' - floating enviro
nment

("D:\Program Files(x86)\CTEX\MiKTeX\tex\latex\float\float.sty"
Package: float 2001/11/08 v1.3d Float enhancements (AL)
\c@float@type=\count99
\float@exts=\toks25
\float@box=\box29
\@float@everytoks=\toks26
\@floatcapt=\box30
)
("D:\Program Files(x86)\CTEX\MiKTeX\tex\latex\base\ifthen.sty"
Package: ifthen 2001/05/26 v1.1c Standard LaTeX ifthen package (DPC)
)
\@float@every@algorithm=\toks27
\c@algorithm=\count100
)
("D:\Program Files(x86)\CTEX\MiKTeX\tex\latex\algorithmicx\algpseudocode.sty"
Package: algpseudocode 

("D:\Program Files(x86)\CTEX\MiKTeX\tex\latex\algorithmicx\algorithmicx.sty"
Package: algorithmicx 2005/04/27 v1.2 Algorithmicx

Document Style algorithmicx 1.2 - a greatly improved `algorithmic' style
\c@ALG@line=\count101
\c@ALG@rem=\count102
\c@ALG@nested=\count103
\ALG@tlm=\skip49
\ALG@thistlm=\skip50
\c@ALG@Lnr=\count104
\c@ALG@blocknr=\count105
\c@ALG@storecount=\count106
\c@ALG@tmpcounter=\count107
\ALG@tmplength=\skip51
)
Document Style - pseudocode environments for use with the `algorithmicx' style
) ("D:\Program Files(x86)\CTEX\MiKTeX\tex\latex\geometry\geometry.sty"
Package: geometry 2010/09/12 v5.6 Page Geometry

("D:\Program Files(x86)\CTEX\MiKTeX\tex\latex\graphics\keyval.sty"
Package: keyval 1999/03/16 v1.13 key=value parser (DPC)
\KV@toks@=\toks28
)
("D:\Program Files(x86)\CTEX\MiKTeX\tex\generic\oberdiek\ifpdf.sty"
Package: ifpdf 2011/01/30 v2.3 Provides the ifpdf switch (HO)
Package ifpdf Info: pdfTeX in PDF mode is detected.
)
("D:\Program Files(x86)\CTEX\MiKTeX\tex\generic\oberdiek\ifvtex.sty"
Package: ifvtex 2010/03/01 v1.5 Switches for detecting VTeX and its modes (HO)
Package ifvtex Info: VTeX not detected.
)
("D:\Program Files(x86)\CTEX\MiKTeX\tex\generic\ifxetex\ifxetex.sty"
Package: ifxetex 2010/09/12 v0.6 Provides ifxetex conditional
)
\Gm@cnth=\count108
\Gm@cntv=\count109
\c@Gm@tempcnt=\count110
\Gm@bindingoffset=\dimen112
\Gm@wd@mp=\dimen113
\Gm@odd@mp=\dimen114
\Gm@even@mp=\dimen115
\Gm@layoutwidth=\dimen116
\Gm@layoutheight=\dimen117
\Gm@layouthoffset=\dimen118
\Gm@layoutvoffset=\dimen119
\Gm@dimlist=\toks29

("D:\Program Files(x86)\CTEX\MiKTeX\tex\latex\geometry\geometry.cfg"))
("D:\Program Files(x86)\CTEX\MiKTeX\tex\latex\graphics\graphicx.sty"
Package: graphicx 1999/02/16 v1.0f Enhanced LaTeX Graphics (DPC,SPQR)

("D:\Program Files(x86)\CTEX\MiKTeX\tex\latex\graphics\graphics.sty"
Package: graphics 2009/02/05 v1.0o Standard LaTeX Graphics (DPC,SPQR)

("D:\Program Files(x86)\CTEX\MiKTeX\tex\latex\graphics\trig.sty"
Package: trig 1999/03/16 v1.09 sin cos tan (DPC)
)
("D:\Program Files(x86)\CTEX\MiKTeX\tex\latex\00miktex\graphics.cfg"
File: graphics.cfg 2007/01/18 v1.5 graphics configuration of teTeX/TeXLive
)
Package graphics Info: Driver file: pdftex.def on input line 91.

("D:\Program Files(x86)\CTEX\MiKTeX\tex\latex\pdftex-def\pdftex.def"
File: pdftex.def 2011/05/27 v0.06d Graphics/color for pdfTeX

("D:\Program Files(x86)\CTEX\MiKTeX\tex\generic\oberdiek\infwarerr.sty"
Package: infwarerr 2010/04/08 v1.3 Providing info/warning/message (HO)
)
("D:\Program Files(x86)\CTEX\MiKTeX\tex\generic\oberdiek\ltxcmds.sty"
Package: ltxcmds 2011/04/18 v1.20 LaTeX kernel commands for general use (HO)
)
\Gread@gobject=\count111
))
\Gin@req@height=\dimen120
\Gin@req@width=\dimen121
)
("D:\Program Files(x86)\CTEX\MiKTeX\tex\latex\oberdiek\epstopdf.sty"
Package: epstopdf 2010/02/09 v2.5 Conversion with epstopdf on the fly (HO)

("D:\Program Files(x86)\CTEX\MiKTeX\tex\latex\oberdiek\epstopdf-base.sty"
Package: epstopdf-base 2010/02/09 v2.5 Base part for package epstopdf

("D:\Program Files(x86)\CTEX\MiKTeX\tex\latex\oberdiek\grfext.sty"
Package: grfext 2010/08/19 v1.1 Managing graphics extensions (HO)

("D:\Program Files(x86)\CTEX\MiKTeX\tex\generic\oberdiek\kvdefinekeys.sty"
Package: kvdefinekeys 2011/04/07 v1.3 Defining keys (HO)
))
("D:\Program Files(x86)\CTEX\MiKTeX\tex\latex\oberdiek\kvoptions.sty"
Package: kvoptions 2010/12/23 v3.10 Keyval support for LaTeX options (HO)

("D:\Program Files(x86)\CTEX\MiKTeX\tex\generic\oberdiek\kvsetkeys.sty"
Package: kvsetkeys 2011/04/07 v1.13 Key value parser (HO)

("D:\Program Files(x86)\CTEX\MiKTeX\tex\generic\oberdiek\etexcmds.sty"
Package: etexcmds 2011/02/16 v1.5 Prefix for e-TeX command names (HO)

("D:\Program Files(x86)\CTEX\MiKTeX\tex\generic\oberdiek\ifluatex.sty"
Package: ifluatex 2010/03/01 v1.3 Provides the ifluatex switch (HO)
Package ifluatex Info: LuaTeX not detected.
)
Package etexcmds Info: Could not find \expanded.
(etexcmds)             That can mean that you are not using pdfTeX 1.50 or
(etexcmds)             that some package has redefined \expanded.
(etexcmds)             In the latter case, load this package earlier.
)))
("D:\Program Files(x86)\CTEX\MiKTeX\tex\generic\oberdiek\pdftexcmds.sty"
Package: pdftexcmds 2011/04/22 v0.16 Utilities of pdfTeX for LuaTeX (HO)
Package pdftexcmds Info: LuaTeX not detected.
Package pdftexcmds Info: \pdf@primitive is available.
Package pdftexcmds Info: \pdf@ifprimitive is available.
Package pdftexcmds Info: \pdfdraftmode found.
)
Package grfext Info: Graphics extension search list:
(grfext)             [.png,.pdf,.jpg,.mps,.jpeg,.jbig2,.jb2,.PNG,.PDF,.JPG,.JPE
G,.JBIG2,.JB2,.eps]
(grfext)             \AppendGraphicsExtensions on input line 452.
))
("D:\Program Files(x86)\CTEX\MiKTeX\tex\latex\graphics\color.sty"
Package: color 2005/11/14 v1.0j Standard LaTeX Color (DPC)

("D:\Program Files(x86)\CTEX\MiKTeX\tex\latex\00miktex\color.cfg"
File: color.cfg 2007/01/18 v1.5 color configuration of teTeX/TeXLive
)
Package color Info: Driver file: pdftex.def on input line 130.
)
("D:\Program Files(x86)\CTEX\MiKTeX\tex\latex\cite\cite.sty"
LaTeX Info: Redefining \cite on input line 302.
LaTeX Info: Redefining \nocite on input line 373.
Package: cite 2010/09/10  v 5.3
)
("D:\Program Files(x86)\CTEX\MiKTeX\tex\latex\subfigure\subfigure.sty"
Package: subfigure 2002/07/30 v2.1.4 subfigure package
\subfigtopskip=\skip52
\subfigcapskip=\skip53
\subfigcaptopadj=\dimen122
\subfigbottomskip=\skip54
\subfigcapmargin=\dimen123
\subfiglabelskip=\skip55
\c@subfigure=\count112
\c@lofdepth=\count113
\c@subtable=\count114
\c@lotdepth=\count115

****************************************
* Local config file subfigure.cfg used *
****************************************
("D:\Program Files(x86)\CTEX\MiKTeX\tex\latex\subfigure\subfigure.cfg")
\subfig@top=\skip56
\subfig@bottom=\skip57
)
\c@dfn=\count116
\c@theorem=\count117
\c@lemma=\count118
\c@prop=\count119

(D:\GitKraken\Thesis\Á¨¨‰∫å‰∏™ÁÇπÔºàÈ¢ùÂ§ñËøûÈÄöÂ∫¶ÂíåËØäÊñ≠Â∫¶Ôºâ\diagnosabili
ty.aux

LaTeX Warning: Label `MM*' multiply defined.


LaTeX Warning: Label `extra diagnosability definition' multiply defined.

)
LaTeX Font Info:    Checking defaults for OML/cmm/m/it on input line 45.
LaTeX Font Info:    ... okay on input line 45.
LaTeX Font Info:    Checking defaults for T1/cmr/m/n on input line 45.
LaTeX Font Info:    ... okay on input line 45.
LaTeX Font Info:    Checking defaults for OT1/cmr/m/n on input line 45.
LaTeX Font Info:    ... okay on input line 45.
LaTeX Font Info:    Checking defaults for OMS/cmsy/m/n on input line 45.
LaTeX Font Info:    ... okay on input line 45.
LaTeX Font Info:    Checking defaults for OMX/cmex/m/n on input line 45.
LaTeX Font Info:    ... okay on input line 45.
LaTeX Font Info:    Checking defaults for U/cmr/m/n on input line 45.
LaTeX Font Info:    ... okay on input line 45.
LaTeX Font Info:    Checking defaults for C00/song/m/n on input line 45.
LaTeX Font Info:    ... okay on input line 45.
LaTeX Font Info:    Checking defaults for C05/song/m/n on input line 45.
LaTeX Font Info:    ... okay on input line 45.
LaTeX Font Info:    Checking defaults for C09/song/m/n on input line 45.
LaTeX Font Info:    ... okay on input line 45.
LaTeX Font Info:    Checking defaults for C10/song/m/n on input line 45.
LaTeX Font Info:    ... okay on input line 45.
LaTeX Font Info:    Checking defaults for C20/song/m/n on input line 45.
LaTeX Font Info:    ... okay on input line 45.
LaTeX Font Info:    Checking defaults for C19/song/m/n on input line 45.
LaTeX Font Info:    ... okay on input line 45.
LaTeX Font Info:    Checking defaults for C40/song/m/n on input line 45.
LaTeX Font Info:    ... okay on input line 45.
LaTeX Font Info:    Checking defaults for C42/song/m/n on input line 45.
LaTeX Font Info:    ... okay on input line 45.
LaTeX Font Info:    Checking defaults for C43/song/m/n on input line 45.
LaTeX Font Info:    ... okay on input line 45.
LaTeX Font Info:    Checking defaults for C50/song/m/n on input line 45.
LaTeX Font Info:    ... okay on input line 45.
LaTeX Font Info:    Checking defaults for C52/song/m/n on input line 45.
LaTeX Font Info:    ... okay on input line 45.
LaTeX Font Info:    Checking defaults for C49/song/m/n on input line 45.
LaTeX Font Info:    ... okay on input line 45.
LaTeX Font Info:    Checking defaults for C60/mj/m/n on input line 45.
LaTeX Font Info:    ... okay on input line 45.
LaTeX Font Info:    Checking defaults for C61/mj/m/n on input line 45.
LaTeX Font Info:    ... okay on input line 45.
LaTeX Font Info:    Checking defaults for C63/mj/m/n on input line 45.
LaTeX Font Info:    ... okay on input line 45.
LaTeX Font Info:    Checking defaults for C64/mj/m/n on input line 45.
LaTeX Font Info:    ... okay on input line 45.
LaTeX Font Info:    Checking defaults for C65/mj/m/n on input line 45.
LaTeX Font Info:    ... okay on input line 45.
LaTeX Font Info:    Checking defaults for C70/song/m/n on input line 45.
LaTeX Font Info:    ... okay on input line 45.
LaTeX Font Info:    Checking defaults for C31/song/m/n on input line 45.
LaTeX Font Info:    ... okay on input line 45.
LaTeX Font Info:    Checking defaults for C32/song/m/n on input line 45.
LaTeX Font Info:    ... okay on input line 45.
LaTeX Font Info:    Checking defaults for C33/song/m/n on input line 45.
LaTeX Font Info:    ... okay on input line 45.
LaTeX Font Info:    Checking defaults for C34/song/m/n on input line 45.
LaTeX Font Info:    ... okay on input line 45.
LaTeX Font Info:    Checking defaults for C35/song/m/n on input line 45.
LaTeX Font Info:    ... okay on input line 45.
LaTeX Font Info:    Checking defaults for C36/song/m/n on input line 45.
LaTeX Font Info:    ... okay on input line 45.
LaTeX Font Info:    Checking defaults for C37/song/m/n on input line 45.
LaTeX Font Info:    ... okay on input line 45.
LaTeX Font Info:    Checking defaults for C80/song/m/n on input line 45.
LaTeX Font Info:    ... okay on input line 45.
LaTeX Font Info:    Checking defaults for C81/song/m/n on input line 45.
LaTeX Font Info:    ... okay on input line 45.
LaTeX Font Info:    Checking defaults for C01/song/m/n on input line 45.
LaTeX Font Info:    ... okay on input line 45.
LaTeX Font Info:    Checking defaults for C11/song/m/n on input line 45.
LaTeX Font Info:    ... okay on input line 45.
LaTeX Font Info:    Checking defaults for C21/song/m/n on input line 45.
LaTeX Font Info:    ... okay on input line 45.
LaTeX Font Info:    Checking defaults for C41/song/m/n on input line 45.
LaTeX Font Info:    ... okay on input line 45.
LaTeX Font Info:    Checking defaults for C62/song/m/n on input line 45.
LaTeX Font Info:    ... okay on input line 45.

*geometry* driver: auto-detecting
*geometry* detected driver: pdftex
*geometry* verbose mode - [ preamble ] result:
* driver: pdftex
* paper: <default>
* layout: <same size as paper>
* layoutoffset:(h,v)=(0.0pt,0.0pt)
* modes: 
* h-part:(L,W,R)=(92.14519pt, 430.00462pt, 92.14519pt)
* v-part:(T,H,B)=(95.39737pt, 556.47656pt, 143.09605pt)
* \paperwidth=614.295pt
* \paperheight=794.96999pt
* \textwidth=430.00462pt
* \textheight=556.47656pt
* \oddsidemargin=19.8752pt
* \evensidemargin=19.8752pt
* \topmargin=-13.87262pt
* \headheight=12.0pt
* \headsep=25.0pt
* \topskip=10.0pt
* \footskip=30.0pt
* \marginparwidth=65.0pt
* \marginparsep=11.0pt
* \columnsep=10.0pt
* \skip\footins=9.0pt plus 4.0pt minus 2.0pt
* \hoffset=0.0pt
* \voffset=0.0pt
* \mag=1000
* \@twocolumnfalse
* \@twosidefalse
* \@mparswitchfalse
* \@reversemarginfalse
* (1in=72.27pt=25.4mm, 1cm=28.453pt)

("D:\Program Files(x86)\CTEX\MiKTeX\tex\context\base\supp-pdf.mkii"
[Loading MPS to PDF converter (version 2006.09.02).]
\scratchcounter=\count120
\scratchdimen=\dimen124
\scratchbox=\box31
\nofMPsegments=\count121
\nofMParguments=\count122
\everyMPshowfont=\toks30
\MPscratchCnt=\count123
\MPscratchDim=\dimen125
\MPnumerator=\count124
\makeMPintoPDFobject=\count125
\everyMPtoPDFconversion=\toks31
) ("D:\Program Files(x86)\CTEX\MiKTeX\tex\latex\cjk\standard.bdg"
File: standard.bdg 2008/12/29 4.8.2
)
("D:\Program Files(x86)\CTEX\MiKTeX\tex\latex\cjk\extended.enc"
File: extended.enc 2008/12/29 4.8.2
)
("D:\Program Files(x86)\CTEX\MiKTeX\tex\latex\cjk\extended.chr"
File: extended.chr 2008/12/29 4.8.2
)
LaTeX Font Info:    Try loading font information for C19+song on input line 51.


("D:\Program Files(x86)\CTEX\CTeX\tex\latex\CJK\GB\c19song.fd"
File: c19song.fd 2009/09/23 4.8.2
)
Package epstopdf Info: Source file: <MM.eps>
(epstopdf)                    date: 2020-12-20 15:37:44
(epstopdf)                    size: 1589270 bytes
(epstopdf)             Output file: <MM-eps-converted-to.pdf>
(epstopdf)                    date: 2020-12-20 15:41:46
(epstopdf)                    size: 36746 bytes
(epstopdf)             Command: <epstopdf --outfile=MM-eps-converted-to.pdf MM.
eps>
(epstopdf)             \includegraphics on input line 63.
Package epstopdf Info: Output file is already uptodate.

<MM-eps-converted-to.pdf, id=1, 1142.2675pt x 727.71875pt>
File: MM-eps-converted-to.pdf Graphic file (type pdf)

<use MM-eps-converted-to.pdf>
Package pdftex.def Info: MM-eps-converted-to.pdf used on input line 63.
(pdftex.def)             Requested size: 285.56618pt x 181.92923pt.
 [1{D:/Program Files(x86)/CTEX/UserData/pdftex/config/pdftex.map{Unicode.sfd}{U
GBK.sfd}}

 <D:/GitKraken/Thesis/Á¨¨‰∫å‰∏™ÁÇπÔºàÈ¢ùÂ§ñËøûÈÄöÂ∫¶ÂíåËØäÊñ≠Â∫¶Ôºâ/MM-eps-conv
erted-to.pdf>]
Overfull \hbox (24.50496pt too wide) in paragraph at lines 112--113
[]\C19/song/m/n/10/52 Ÿ \C19/song/m/n/10/64 •$\OML/cmm/m/it/10 \OT1/cmr/m/n/10
 (\OML/cmm/m/it/10 G\OT1/cmr/m/n/10 )$\C19/song/m/n/10/40  Ω \C19/song/m/n/10/
61 ¬ \C19/song/m/n/10/58 è \C19/song/m/n/10/26 µ \C19/song/m/n/10/40 È \C19/son
g/m/n/10/62 u$\OML/cmm/m/it/10 G$\C19/song/m/n/10/64 • \C19/song/m/n/10/48 ¸ \C
19/song/m/n/10/42 á \C19/song/m/n/10/37 ÿ \C19/song/m/n/10/59 é \C19/song/m/n/1
0/46  \C19/song/m/n/10/40  ∫ :$\OML/cmm/m/it/10 x$\C19/song/m/n/10/43 ⁄$\OML/
cmm/m/it/10 y$\C19/song/m/n/10/26 ß$\OML/cmm/m/it/10 \OT1/cmr/m/n/10 (\OML/cmm
/m/it/10 x; y\OT1/cmr/m/n/10 ) = \OMS/cmsy/m/n/10 j\OML/cmm/m/it/10 N\OT1/cmr/m
/n/10 (\OML/cmm/m/it/10 x\OT1/cmr/m/n/10 ) \OMS/cmsy/m/n/10 \ \OML/cmm/m/it/10 
N\OT1/cmr/m/n/10 (\OML/cmm/m/it/10 y\OT1/cmr/m/n/10 )\OMS/cmsy/m/n/10 j$\C19/so
ng/m/n/10/26 ß$\OML/cmm/m/it/10 \OT1/cmr/m/n/10 (\OML/cmm/m/it/10 G\OT1/cmr/m/
n/10 ) =$max$\OMS/cmsy/m/n/10 f\OML/cmm/m/it/10 \OT1/cmr/m/n/10 (\OML/cmm/m/it
/10 x; y\OT1/cmr/m/n/10 ) :$
 []

[2]
Underfull \hbox (badness 10000) in paragraph at lines 201--202

 []


Overfull \hbox (4.42172pt too wide) in paragraph at lines 272--273
[]\OT1/cmr/bx/n/10 Lemma 12. []\C19/song/m/it/10/55 ¥$\OML/cmm/m/it/10 x; y; s;
 t; u; v; m; n$\C19/song/m/it/10/55 ¥$\OML/cmm/m/it/10 AQ[]\OT1/cmr/m/n/10 (\OM
L/cmm/m/it/10 n \OMS/cmsy/m/n/10  \OT1/cmr/m/n/10 4)$\C19/song/m/it/10/64 • \C
19/song/m/it/10/40 \OT1/cmr/m/it/10 8\C19/song/m/it/10/42 á \C19/song/m/it/10/
40 ∫ : \C19/song/m/it/10/26 ß \C19/song/m/it/10/54 X \C19/song/m/it/10/43 J$\OM
L/cmm/m/it/10 AQ[]$\C19/song/m/it/10/63 3$\OML/cmm/m/it/10 x; y; s; t; u; v; m;
 n$\C19/song/m/it/10/36 ù \C19/song/m/it/10/43 π\OT1/cmr/m/it/10 4\C19/song/m/i
t/10/57 ^
 []

[3]
Underfull \hbox (badness 10000) in paragraph at lines 298--299

 []


Underfull \hbox (badness 10000) in paragraph at lines 300--302

 []

Package epstopdf Info: Source file: <F_1andF_2-extra-sets.eps>
(epstopdf)                    date: 2020-12-20 16:19:38
(epstopdf)                    size: 1457697 bytes
(epstopdf)             Output file: <F_1andF_2-extra-sets-eps-converted-to.pdf>

(epstopdf)                    date: 2020-12-20 16:26:03
(epstopdf)                    size: 34064 bytes
(epstopdf)             Command: <epstopdf --outfile=F_1andF_2-extra-sets-eps-co
nverted-to.pdf F_1andF_2-extra-sets.eps>
(epstopdf)             \includegraphics on input line 311.
Package epstopdf Info: Output file is already uptodate.
<F_1andF_2-extra-sets-eps-converted-to.pdf, id=111, 1433.355pt x 793.96625pt>
File: F_1andF_2-extra-sets-eps-converted-to.pdf Graphic file (type pdf)

<use F_1andF_2-extra-sets-eps-converted-to.pdf>
Package pdftex.def Info: F_1andF_2-extra-sets-eps-converted-to.pdf used on inpu
t line 311.
(pdftex.def)             Requested size: 286.66592pt x 158.79044pt.
 [4 <D:/GitKraken/Thesis/Á¨¨‰∫å‰∏™ÁÇπÔºàÈ¢ùÂ§ñËøûÈÄöÂ∫¶ÂíåËØäÊñ≠Â∫¶Ôºâ/F_1andF_
2-extra-sets-eps-converted-to.pdf>]
Underfull \hbox (badness 10000) in paragraph at lines 330--332

 []


Underfull \hbox (badness 10000) in paragraph at lines 333--334

 []

[5]

LaTeX Warning: Citation `abigcompoentwithatlast4vertices' on page 6 undefined o
n input line 366.


Underfull \hbox (badness 10000) in paragraph at lines 366--367

 []


Underfull \hbox (badness 10000) in paragraph at lines 368--369

 []


Underfull \hbox (badness 10000) in paragraph at lines 370--371

 []

Package epstopdf Info: Source file: <a-big-compoent-with-at-last-4-vertices.eps
>
(epstopdf)                    date: 2020-12-20 17:15:39
(epstopdf)                    size: 1158268 bytes
(epstopdf)             Output file: <a-big-compoent-with-at-last-4-vertices-eps
-converted-to.pdf>
(epstopdf)                    date: 2020-12-20 17:16:18
(epstopdf)                    size: 33652 bytes
(epstopdf)             Command: <epstopdf --outfile=a-big-compoent-with-at-last
-4-vertices-eps-converted-to.pdf a-big-compoent-with-at-last-4-vertices.eps>
(epstopdf)             \includegraphics on input line 394.
Package epstopdf Info: Output file is already uptodate.

<a-big-compoent-with-at-last-4-vertices-eps-converted-to.pdf, id=133, 878.28125
pt x 1021.8175pt>
File: a-big-compoent-with-at-last-4-vertices-eps-converted-to.pdf Graphic file 
(type pdf)

<use a-big-compoent-with-at-last-4-vertices-eps-converted-to.pdf>
Package pdftex.def Info: a-big-compoent-with-at-last-4-vertices-eps-converted-t
o.pdf used on input line 394.
(pdftex.def)             Requested size: 175.65314pt x 204.35988pt.
 [6] [7 <D:/GitKraken/Thesis/Á¨¨‰∫å‰∏™ÁÇπÔºàÈ¢ùÂ§ñËøûÈÄöÂ∫¶ÂíåËØäÊñ≠Â∫¶Ôºâ/a-bi
g-compoent-with-at-last-4-vertices-eps-converted-to.pdf>] [8] [9] [10] [11]
(D:\GitKraken\Thesis\Á¨¨‰∫å‰∏™ÁÇπÔºàÈ¢ùÂ§ñËøûÈÄöÂ∫¶ÂíåËØäÊñ≠Â∫¶Ôºâ\diagnosabili
ty.aux)

LaTeX Warning: There were undefined references.


LaTeX Warning: There were multiply-defined labels.

 ) 
Here is how much of TeX's memory you used:
 5255 strings out of 495354
 73492 string characters out of 3182795
 146831 words of memory out of 3000000
 8269 multiletter control sequences out of 15000+200000
 34217 words of font info for 117 fonts, out of 3000000 for 9000
 14 hyphenation exceptions out of 8191
 42i,8n,29p,892b,492s stack positions out of 5000i,500n,10000p,200000b,50000s
<D:/Program Files(x86)/CTEX/CTeX/fonts/truetype/chinese/simsun.ttf><D:/Progra
m Files(x86)/CTEX/CTeX/fonts/truetype/chinese/simsun.ttf><D:/Program Files(x86)
/CTEX/CTeX/fonts/truetype/chinese/simsun.ttf><D:/Program Files(x86)/CTEX/CTeX/f
onts/truetype/chinese/simsun.ttf><D:/Program Files(x86)/CTEX/CTeX/fonts/truetyp
e/chinese/simsun.ttf><D:/Program Files(x86)/CTEX/CTeX/fonts/truetype/chinese/si
msun.ttf><D:/Program Files(x86)/CTEX/CTeX/fonts/truetype/chinese/simsun.ttf><D:
/Program Files(x86)/CTEX/CTeX/fonts/truetype/chinese/simsun.ttf><D:/Program Fil
es(x86)/CTEX/CTeX/fonts/truetype/chinese/simsun.ttf><D:/Program Files(x86)/CTEX
/CTeX/fonts/truetype/chinese/simsun.ttf><D:/Program Files(x86)/CTEX/CTeX/fonts/
truetype/chinese/simsun.ttf><D:/Program Files(x86)/CTEX/CTeX/fonts/truetype/chi
nese/simsun.ttf><D:/Program Files(x86)/CTEX/CTeX/fonts/truetype/chinese/simsun.
ttf><D:/Program Files(x86)/CTEX/CTeX/fonts/truetype/chinese/simsun.ttf><D:/Prog
ram Files(x86)/CTEX/CTeX/fonts/truetype/chinese/simsun.ttf><D:/Program Files(x8
6)/CTEX/CTeX/fonts/truetype/chinese/simsun.ttf><D:/Program Files(x86)/CTEX/CTeX
/fonts/truetype/chinese/simsun.ttf><D:/Program Files(x86)/CTEX/CTeX/fonts/truet
ype/chinese/simsun.ttf><D:/Program Files(x86)/CTEX/CTeX/fonts/truetype/chinese/
simsun.ttf><D:/Program Files(x86)/CTEX/CTeX/fonts/truetype/chinese/simsun.ttf><
D:/Program Files(x86)/CTEX/CTeX/fonts/truetype/chinese/simsun.ttf><D:/Program F
iles(x86)/CTEX/CTeX/fonts/truetype/chinese/simsun.ttf><D:/Program Files(x86)/CT
EX/CTeX/fonts/truetype/chinese/simsun.ttf><D:/Program Files(x86)/CTEX/CTeX/font
s/truetype/chinese/simsun.ttf><D:/Program Files(x86)/CTEX/CTeX/fonts/truetype/c
hinese/simsun.ttf><D:/Program Files(x86)/CTEX/CTeX/fonts/truetype/chinese/simsu
n.ttf><D:/Program Files(x86)/CTEX/CTeX/fonts/truetype/chinese/simsun.ttf><D:/Pr
ogram Files(x86)/CTEX/CTeX/fonts/truetype/chinese/simsun.ttf><D:/Program Files(
x86)/CTEX/CTeX/fonts/truetype/chinese/simsun.ttf><D:/Program Files(x86)/CTEX/CT
eX/fonts/truetype/chinese/simsun.ttf><D:/Program Files(x86)/CTEX/CTeX/fonts/tru
etype/chinese/simsun.ttf><D:/Program Files(x86)/CTEX/CTeX/fonts/truetype/chines
e/simsun.ttf><D:/Program Files(x86)/CTEX/CTeX/fonts/truetype/chinese/simsun.ttf
><D:/Program Files(x86)/CTEX/CTeX/fonts/truetype/chinese/simsun.ttf><D:/Program
 Files(x86)/CTEX/CTeX/fonts/truetype/chinese/simsun.ttf><D:/Program Files(x86)/
CTEX/CTeX/fonts/truetype/chinese/simsun.ttf><D:/Program Files(x86)/CTEX/CTeX/fo
nts/truetype/chinese/simsun.ttf><D:/Program Files(x86)/CTEX/CTeX/fonts/truetype
/chinese/simsun.ttf><D:/Program Files(x86)/CTEX/CTeX/fonts/truetype/chinese/sim
sun.ttf><D:/Program Files(x86)/CTEX/CTeX/fonts/truetype/chinese/simsun.ttf><D:/
Program Files(x86)/CTEX/CTeX/fonts/truetype/chinese/simsun.ttf><D:/Program File
s(x86)/CTEX/CTeX/fonts/truetype/chinese/simsun.ttf><D:/Program Files(x86)/CTEX/
CTeX/fonts/truetype/chinese/simsun.ttf><D:/Program Files(x86)/CTEX/CTeX/fonts/t
ruetype/chinese/simsun.ttf><D:/Program Files(x86)/CTEX/CTeX/fonts/truetype/chin
ese/simsun.ttf><D:/Program Files(x86)/CTEX/CTeX/fonts/truetype/chinese/simsun.t
tf><D:/Program Files(x86)/CTEX/CTeX/fonts/truetype/chinese/simsun.ttf><D:/Progr
am Files(x86)/CTEX/CTeX/fonts/truetype/chinese/simsun.ttf><D:/Program Files(x86
)/CTEX/CTeX/fonts/truetype/chinese/simsun.ttf><D:/Program Files(x86)/CTEX/CTeX/
fonts/truetype/chinese/simsun.ttf><D:/Program Files(x86)/CTEX/CTeX/fonts/truety
pe/chinese/simsun.ttf><D:/Program Files(x86)/CTEX/CTeX/fonts/truetype/chinese/s
imsun.ttf><D:/Program Files(x86)/CTEX/CTeX/fonts/truetype/chinese/simsun.ttf><D
:/Program Files(x86)/CTEX/CTeX/fonts/truetype/chinese/simsun.ttf><D:/Program Fi
les(x86)/CTEX/CTeX/fonts/truetype/chinese/simsun.ttf><D:/Program Files(x86)/CTE
X/CTeX/fonts/truetype/chinese/simsun.ttf><D:/Program Files(x86)/CTEX/CTeX/fonts
/truetype/chinese/simsun.ttf><D:/Program Files(x86)/CTEX/CTeX/fonts/truetype/ch
inese/simsun.ttf><D:/Program Files(x86)/CTEX/CTeX/fonts/truetype/chinese/simsun
.ttf><D:/Program Files(x86)/CTEX/CTeX/fonts/truetype/chinese/simsun.ttf><D:/Pro
gram Files(x86)/CTEX/CTeX/fonts/truetype/chinese/simsun.ttf><D:/Program Files(x
86)/CTEX/CTeX/fonts/truetype/chinese/simsun.ttf><D:/Program Files(x86)/CTEX/CTe
X/fonts/truetype/chinese/simsun.ttf><D:/Program Files(x86)/CTEX/CTeX/fonts/true
type/chinese/simsun.ttf><D:/Program Files(x86)/CTEX/MiKTeX/fonts/type1/public/a
msfonts/cm/cmbx10.pfb><D:/Program Files(x86)/CTEX/MiKTeX/fonts/type1/public/ams
fonts/cm/cmbx12.pfb><D:/Program Files(x86)/CTEX/MiKTeX/fonts/type1/public/amsfo
nts/cm/cmbx8.pfb><D:/Program Files(x86)/CTEX/MiKTeX/fonts/type1/public/amsfonts
/cm/cmbxti10.pfb><D:/Program Files(x86)/CTEX/MiKTeX/fonts/type1/public/amsfonts
/cm/cmex10.pfb><D:/Program Files(x86)/CTEX/MiKTeX/fonts/type1/public/amsfonts/c
m/cmmi10.pfb><D:/Program Files(x86)/CTEX/MiKTeX/fonts/type1/public/amsfonts/cm/
cmmi5.pfb><D:/Program Files(x86)/CTEX/MiKTeX/fonts/type1/public/amsfonts/cm/cmm
i6.pfb><D:/Program Files(x86)/CTEX/MiKTeX/fonts/type1/public/amsfonts/cm/cmmi7.
pfb><D:/Program Files(x86)/CTEX/MiKTeX/fonts/type1/public/amsfonts/cm/cmmi8.pfb
><D:/Program Files(x86)/CTEX/MiKTeX/fonts/type1/public/amsfonts/cm/cmr10.pfb><D
:/Program Files(x86)/CTEX/MiKTeX/fonts/type1/public/amsfonts/cm/cmr5.pfb><D:/Pr
ogram Files(x86)/CTEX/MiKTeX/fonts/type1/public/amsfonts/cm/cmr7.pfb><D:/Progra
m Files(x86)/CTEX/MiKTeX/fonts/type1/public/amsfonts/cm/cmr8.pfb><D:/Program Fi
les(x86)/CTEX/MiKTeX/fonts/type1/public/amsfonts/cm/cmsy10.pfb><D:/Program File
s(x86)/CTEX/MiKTeX/fonts/type1/public/amsfonts/cm/cmsy5.pfb><D:/Program Files(x
86)/CTEX/MiKTeX/fonts/type1/public/amsfonts/cm/cmsy6.pfb><D:/Program Files(x86)
/CTEX/MiKTeX/fonts/type1/public/amsfonts/cm/cmsy7.pfb><D:/Program Files(x86)/CT
EX/MiKTeX/fonts/type1/public/amsfonts/cm/cmsy8.pfb><D:/Program Files(x86)/CTEX/
MiKTeX/fonts/type1/public/amsfonts/cm/cmtcsc10.pfb><D:/Program Files(x86)/CTEX/
MiKTeX/fonts/type1/public/amsfonts/cm/cmti10.pfb><D:/Program Files(x86)/CTEX/Mi
KTeX/fonts/type1/public/amsfonts/cm/cmtt8.pfb>
Output written on diagnosability.pdf (11 pages, 780039 bytes).
PDF statistics:
 436 PDF objects out of 1000 (max. 8388607)
 0 named destinations out of 1000 (max. 500000)
 16 words of extra memory for PDF output out of 10000 (max. 10000000)

