This is pdfTeX, Version 3.1415926-2.3-1.40.12 (MiKTeX 2.9) (preloaded format=latex 2017.6.6)  26 FEB 2018 21:58
entering extended mode
**C:/Users/16208/Desktop/毕业论文/参考资料/杜满意毕业论文/2017-3
-23-外审版/2017-3-23-外审版/SUDAThesis_LaTeX/chapter/pub.tex

(C:/Users/16208/Desktop/毕业论文/参考资料/杜满意毕业论文/2017-3-
23-外审版/2017-3-23-外审版/SUDAThesis_LaTeX/chapter/pub.tex
LaTeX2e <2011/06/27>
Babel <v3.8m> and hyphenation patterns for loaded.

! LaTeX Error: Environment publications undefined.

See the LaTeX manual or LaTeX Companion for explanation.
Type  H <return>  for immediate help.
 ...                                              
                                                  
l.1 \begin{publications}
                        {99}
? 
! Emergency stop.
 ...                                              
                                                  
l.1 \begin{publications}
                        {99}
Your command was ignored.
Type  I <command> <return>  to replace it with another command,
or  <return>  to continue without it.

 
Here is how much of TeX's memory you used:
 9 strings out of 495355
 630 string characters out of 3182763
 44842 words of memory out of 3000000
 3277 multiletter control sequences out of 15000+200000
 3640 words of font info for 14 fonts, out of 3000000 for 9000
 14 hyphenation exceptions out of 8191
 5i,0n,4p,183b,16s stack positions out of 5000i,500n,10000p,200000b,50000s
No pages of output.
